
*** Running vivado
    with args -log top_wrapper.vdi -applog -m64 -product Vivado -messageDb vivado.pb -mode batch -source top_wrapper.tcl -notrace


****** Vivado v2022.2.2 (64-bit)
  **** SW Build 3788238 on Tue Feb 21 19:59:23 MST 2023
  **** IP Build 3783773 on Tue Feb 21 23:41:56 MST 2023
    ** Copyright 1986-2023 Xilinx, Inc. All Rights Reserved.

source top_wrapper.tcl -notrace
INFO: [IP_Flow 19-234] Refreshing IP repositories
INFO: [IP_Flow 19-1700] Loaded user IP repository '/tmp/finn_dev_shakeelarkam00/code_gen_ipgen_StreamingDataflowPartition_0_IODMA_0_d6vjwrd1/project_StreamingDataflowPartition_0_IODMA_0/sol1/impl/ip'.
INFO: [IP_Flow 19-1700] Loaded user IP repository '/tmp/finn_dev_shakeelarkam00/vivado_stitch_proj_9v5o3x0_/ip'.
INFO: [IP_Flow 19-1700] Loaded user IP repository '/tmp/finn_dev_shakeelarkam00/code_gen_ipgen_StreamingFIFO_0_60rf4x5_/project_StreamingFIFO_0/sol1/impl/verilog'.
INFO: [IP_Flow 19-1700] Loaded user IP repository '/tmp/finn_dev_shakeelarkam00/code_gen_ipgen_Thresholding_Batch_0_rte296j3/project_Thresholding_Batch_0/sol1/impl/ip'.
INFO: [IP_Flow 19-1700] Loaded user IP repository '/tmp/finn_dev_shakeelarkam00/code_gen_ipgen_StreamingDataWidthConverter_Batch_0_xl28r8a1'.
INFO: [IP_Flow 19-1700] Loaded user IP repository '/tmp/finn_dev_shakeelarkam00/code_gen_ipgen_StreamingFIFO_2_cc8_0d4q/project_StreamingFIFO_2/sol1/impl/verilog'.
INFO: [IP_Flow 19-1700] Loaded user IP repository '/tmp/finn_dev_shakeelarkam00/code_gen_ipgen_MatrixVectorActivation_0_qagh72hy/project_MatrixVectorActivation_0/sol1/impl/ip'.
INFO: [IP_Flow 19-1700] Loaded user IP repository '/tmp/finn_dev_shakeelarkam00/code_gen_ipgen_StreamingDataWidthConverter_Batch_1_nypyf2s2'.
INFO: [IP_Flow 19-1700] Loaded user IP repository '/tmp/finn_dev_shakeelarkam00/code_gen_ipgen_MatrixVectorActivation_1_9nvtyt7p/project_MatrixVectorActivation_1/sol1/impl/ip'.
INFO: [IP_Flow 19-1700] Loaded user IP repository '/tmp/finn_dev_shakeelarkam00/code_gen_ipgen_StreamingDataWidthConverter_Batch_2_u4wiuyem/project_StreamingDataWidthConverter_Batch_2/sol1/impl/ip'.
INFO: [IP_Flow 19-1700] Loaded user IP repository '/tmp/finn_dev_shakeelarkam00/code_gen_ipgen_MatrixVectorActivation_2_aat5dj07/project_MatrixVectorActivation_2/sol1/impl/ip'.
INFO: [IP_Flow 19-1700] Loaded user IP repository '/tmp/finn_dev_shakeelarkam00/code_gen_ipgen_StreamingDataWidthConverter_Batch_3__w8dwgxh/project_StreamingDataWidthConverter_Batch_3/sol1/impl/ip'.
INFO: [IP_Flow 19-1700] Loaded user IP repository '/tmp/finn_dev_shakeelarkam00/code_gen_ipgen_StreamingFIFO_8_ghouq09j/project_StreamingFIFO_8/sol1/impl/verilog'.
INFO: [IP_Flow 19-1700] Loaded user IP repository '/tmp/finn_dev_shakeelarkam00/code_gen_ipgen_MatrixVectorActivation_3_up6i7eps/project_MatrixVectorActivation_3/sol1/impl/ip'.
INFO: [IP_Flow 19-1700] Loaded user IP repository '/tmp/finn_dev_shakeelarkam00/vivado_stitch_proj_dhhlfr35/ip'.
INFO: [IP_Flow 19-1700] Loaded user IP repository '/opt/dpfl/finn/finn-rtllib/memstream'.
INFO: [IP_Flow 19-1700] Loaded user IP repository '/tmp/finn_dev_shakeelarkam00/code_gen_ipgen_StreamingDataflowPartition_2_IODMA_0_87nb5gk8/project_StreamingDataflowPartition_2_IODMA_0/sol1/impl/ip'.
INFO: [IP_Flow 19-1700] Loaded user IP repository '/tmp/finn_dev_shakeelarkam00/vivado_stitch_proj_w0a094k1/ip'.
INFO: [IP_Flow 19-2313] Loaded Vivado IP repository '/tools/Xilinx/Vivado/2022.2/data/ip'.
Command: link_design -top top_wrapper -part xc7z020clg400-1
Design is defaulting to srcset: sources_1
Design is defaulting to constrset: constrs_1
INFO: [Device 21-403] Loading part xc7z020clg400-1
INFO: [Project 1-454] Reading design checkpoint '/tmp/finn_dev_shakeelarkam00/vivado_zynq_proj_b0y0bmk4/finn_zynq_link.gen/sources_1/bd/top/ip/top_StreamingDataflowPartition_1_0/top_StreamingDataflowPartition_1_0.dcp' for cell 'top_i/StreamingDataflowPartition_1'
INFO: [Project 1-454] Reading design checkpoint '/tmp/finn_dev_shakeelarkam00/vivado_zynq_proj_b0y0bmk4/finn_zynq_link.gen/sources_1/bd/top/ip/top_idma0_0/top_idma0_0.dcp' for cell 'top_i/idma0'
INFO: [Project 1-454] Reading design checkpoint '/tmp/finn_dev_shakeelarkam00/vivado_zynq_proj_b0y0bmk4/finn_zynq_link.gen/sources_1/bd/top/ip/top_odma0_0/top_odma0_0.dcp' for cell 'top_i/odma0'
INFO: [Project 1-454] Reading design checkpoint '/tmp/finn_dev_shakeelarkam00/vivado_zynq_proj_b0y0bmk4/finn_zynq_link.gen/sources_1/bd/top/ip/top_rst_zynq_ps_100M_0/top_rst_zynq_ps_100M_0.dcp' for cell 'top_i/rst_zynq_ps_100M'
INFO: [Project 1-454] Reading design checkpoint '/tmp/finn_dev_shakeelarkam00/vivado_zynq_proj_b0y0bmk4/finn_zynq_link.gen/sources_1/bd/top/ip/top_smartconnect_0_0/top_smartconnect_0_0.dcp' for cell 'top_i/smartconnect_0'
INFO: [Project 1-454] Reading design checkpoint '/tmp/finn_dev_shakeelarkam00/vivado_zynq_proj_b0y0bmk4/finn_zynq_link.gen/sources_1/bd/top/ip/top_zynq_ps_0/top_zynq_ps_0.dcp' for cell 'top_i/zynq_ps'
INFO: [Project 1-454] Reading design checkpoint '/tmp/finn_dev_shakeelarkam00/vivado_zynq_proj_b0y0bmk4/finn_zynq_link.gen/sources_1/bd/top/ip/top_xbar_0/top_xbar_0.dcp' for cell 'top_i/axi_interconnect_0/xbar'
INFO: [Project 1-454] Reading design checkpoint '/tmp/finn_dev_shakeelarkam00/vivado_zynq_proj_b0y0bmk4/finn_zynq_link.gen/sources_1/bd/top/ip/top_auto_pc_0/top_auto_pc_0.dcp' for cell 'top_i/axi_interconnect_0/s00_couplers/auto_pc'
Netlist sorting complete. Time (s): cpu = 00:00:00.25 ; elapsed = 00:00:00.25 . Memory (MB): peak = 2364.770 ; gain = 0.000 ; free physical = 3560 ; free virtual = 8160
INFO: [Netlist 29-17] Analyzing 1071 Unisim elements for replacement
INFO: [Netlist 29-28] Unisim Transformation completed in 0 CPU seconds
INFO: [Project 1-479] Netlist was created with Vivado 2022.2.2
INFO: [Project 1-570] Preparing netlist for logic optimization
Parsing XDC File [/tmp/finn_dev_shakeelarkam00/vivado_zynq_proj_b0y0bmk4/finn_zynq_link.gen/sources_1/bd/top/ip/top_zynq_ps_0/top_zynq_ps_0.xdc] for cell 'top_i/zynq_ps/inst'
Finished Parsing XDC File [/tmp/finn_dev_shakeelarkam00/vivado_zynq_proj_b0y0bmk4/finn_zynq_link.gen/sources_1/bd/top/ip/top_zynq_ps_0/top_zynq_ps_0.xdc] for cell 'top_i/zynq_ps/inst'
Parsing XDC File [/tmp/finn_dev_shakeelarkam00/vivado_zynq_proj_b0y0bmk4/finn_zynq_link.gen/sources_1/bd/top/ip/top_smartconnect_0_0/bd_0/ip/ip_1/bd_acc6_psr_aclk_0_board.xdc] for cell 'top_i/smartconnect_0/inst/clk_map/psr_aclk/U0'
Finished Parsing XDC File [/tmp/finn_dev_shakeelarkam00/vivado_zynq_proj_b0y0bmk4/finn_zynq_link.gen/sources_1/bd/top/ip/top_smartconnect_0_0/bd_0/ip/ip_1/bd_acc6_psr_aclk_0_board.xdc] for cell 'top_i/smartconnect_0/inst/clk_map/psr_aclk/U0'
Parsing XDC File [/tmp/finn_dev_shakeelarkam00/vivado_zynq_proj_b0y0bmk4/finn_zynq_link.gen/sources_1/bd/top/ip/top_smartconnect_0_0/bd_0/ip/ip_1/bd_acc6_psr_aclk_0.xdc] for cell 'top_i/smartconnect_0/inst/clk_map/psr_aclk/U0'
Finished Parsing XDC File [/tmp/finn_dev_shakeelarkam00/vivado_zynq_proj_b0y0bmk4/finn_zynq_link.gen/sources_1/bd/top/ip/top_smartconnect_0_0/bd_0/ip/ip_1/bd_acc6_psr_aclk_0.xdc] for cell 'top_i/smartconnect_0/inst/clk_map/psr_aclk/U0'
Parsing XDC File [/tmp/finn_dev_shakeelarkam00/vivado_zynq_proj_b0y0bmk4/finn_zynq_link.gen/sources_1/bd/top/ip/top_rst_zynq_ps_100M_0/top_rst_zynq_ps_100M_0_board.xdc] for cell 'top_i/rst_zynq_ps_100M/U0'
Finished Parsing XDC File [/tmp/finn_dev_shakeelarkam00/vivado_zynq_proj_b0y0bmk4/finn_zynq_link.gen/sources_1/bd/top/ip/top_rst_zynq_ps_100M_0/top_rst_zynq_ps_100M_0_board.xdc] for cell 'top_i/rst_zynq_ps_100M/U0'
Parsing XDC File [/tmp/finn_dev_shakeelarkam00/vivado_zynq_proj_b0y0bmk4/finn_zynq_link.gen/sources_1/bd/top/ip/top_rst_zynq_ps_100M_0/top_rst_zynq_ps_100M_0.xdc] for cell 'top_i/rst_zynq_ps_100M/U0'
Finished Parsing XDC File [/tmp/finn_dev_shakeelarkam00/vivado_zynq_proj_b0y0bmk4/finn_zynq_link.gen/sources_1/bd/top/ip/top_rst_zynq_ps_100M_0/top_rst_zynq_ps_100M_0.xdc] for cell 'top_i/rst_zynq_ps_100M/U0'
INFO: [Project 1-1714] 58 XPM XDC files have been applied to the design.
INFO: [Opt 31-138] Pushed 0 inverter(s) to 0 load pin(s).
Netlist sorting complete. Time (s): cpu = 00:00:00.01 ; elapsed = 00:00:00.01 . Memory (MB): peak = 2708.980 ; gain = 0.000 ; free physical = 3427 ; free virtual = 8028
INFO: [Project 1-111] Unisim Transformation Summary:
  A total of 176 instances were transformed.
  RAM16X1D => RAM32X1D (RAMD32(x2)): 2 instances
  RAM32M => RAM32M (RAMD32(x6), RAMS32(x2)): 172 instances
  RAM32X1D => RAM32X1D (RAMD32(x2)): 2 instances

36 Infos, 0 Warnings, 0 Critical Warnings and 0 Errors encountered.
link_design completed successfully
link_design: Time (s): cpu = 00:00:13 ; elapsed = 00:00:14 . Memory (MB): peak = 2708.980 ; gain = 739.281 ; free physical = 3427 ; free virtual = 8028
Command: opt_design -directive Explore
INFO: [Vivado_Tcl 4-136] Directive used for opt_design is: Explore
Attempting to get a license for feature 'Implementation' and/or device 'xc7z020'
INFO: [Common 17-349] Got license for feature 'Implementation' and/or device 'xc7z020'
Running DRC as a precondition to command opt_design

Starting DRC Task
INFO: [DRC 23-27] Running DRC with 6 threads
INFO: [Project 1-461] DRC finished with 0 Errors
INFO: [Project 1-462] Please refer to the DRC report (report_drc) for more information.

Time (s): cpu = 00:00:01 ; elapsed = 00:00:00.54 . Memory (MB): peak = 2708.980 ; gain = 0.000 ; free physical = 3408 ; free virtual = 8011

Starting Logic Optimization Task
INFO: [Timing 38-35] Done setting XDC timing constraints.

Phase 1 Retarget
INFO: [Opt 31-1287] Pulled Inverter top_i/StreamingDataflowPartition_1/inst/StreamingDataflowPartition_1_MatrixVectorActivation_1/StreamingDataflowPartition_1_MatrixVectorActivation_1/inst/grp_Matrix_Vector_Activate_Stream_Batch_fu_38/flow_control_loop_pipe_sequential_init_U/icmp_ln249_reg_2894[0]_i_1 into driver instance top_i/StreamingDataflowPartition_1/inst/StreamingDataflowPartition_1_MatrixVectorActivation_1/StreamingDataflowPartition_1_MatrixVectorActivation_1/inst/grp_Matrix_Vector_Activate_Stream_Batch_fu_38/flow_control_loop_pipe_sequential_init_U/ap_CS_iter1_fsm[1]_i_2, which resulted in an inversion of 4 pins
INFO: [Opt 31-1287] Pulled Inverter top_i/StreamingDataflowPartition_1/inst/StreamingDataflowPartition_1_MatrixVectorActivation_1/StreamingDataflowPartition_1_MatrixVectorActivation_1/inst/grp_Matrix_Vector_Activate_Stream_Batch_fu_38/flow_control_loop_pipe_sequential_init_U/icmp_ln290_reg_3034[0]_i_1 into driver instance top_i/StreamingDataflowPartition_1/inst/StreamingDataflowPartition_1_MatrixVectorActivation_1/StreamingDataflowPartition_1_MatrixVectorActivation_1/inst/grp_Matrix_Vector_Activate_Stream_Batch_fu_38/flow_control_loop_pipe_sequential_init_U/B_V_data_1_state[1]_i_2__0, which resulted in an inversion of 7 pins
INFO: [Opt 31-1287] Pulled Inverter top_i/StreamingDataflowPartition_1/inst/StreamingDataflowPartition_1_MatrixVectorActivation_2/StreamingDataflowPartition_1_MatrixVectorActivation_2/inst/grp_Matrix_Vector_Activate_Stream_Batch_fu_38/flow_control_loop_pipe_sequential_init_U/icmp_ln249_reg_2894[0]_i_1 into driver instance top_i/StreamingDataflowPartition_1/inst/StreamingDataflowPartition_1_MatrixVectorActivation_2/StreamingDataflowPartition_1_MatrixVectorActivation_2/inst/grp_Matrix_Vector_Activate_Stream_Batch_fu_38/flow_control_loop_pipe_sequential_init_U/ap_CS_iter1_fsm[1]_i_2, which resulted in an inversion of 4 pins
INFO: [Opt 31-1287] Pulled Inverter top_i/StreamingDataflowPartition_1/inst/StreamingDataflowPartition_1_MatrixVectorActivation_2/StreamingDataflowPartition_1_MatrixVectorActivation_2/inst/grp_Matrix_Vector_Activate_Stream_Batch_fu_38/flow_control_loop_pipe_sequential_init_U/icmp_ln290_reg_3034[0]_i_1 into driver instance top_i/StreamingDataflowPartition_1/inst/StreamingDataflowPartition_1_MatrixVectorActivation_2/StreamingDataflowPartition_1_MatrixVectorActivation_2/inst/grp_Matrix_Vector_Activate_Stream_Batch_fu_38/flow_control_loop_pipe_sequential_init_U/B_V_data_1_state[1]_i_2__0, which resulted in an inversion of 7 pins
INFO: [Opt 31-1287] Pulled Inverter top_i/odma0/inst/StreamingDataflowPartition_2_IODMA_0/inst/Stream2Mem_Batch_16u_10u_U0/grp_Stream2Mem_Batch_16u_10u_Pipeline_VITIS_LOOP_153_1_fu_100/mem_reg_i_1 into driver instance top_i/odma0/inst/StreamingDataflowPartition_2_IODMA_0/inst/Stream2Mem_Batch_16u_10u_U0/grp_Stream2Mem_Batch_16u_10u_Pipeline_VITIS_LOOP_153_1_fu_100/mem_reg_i_19, which resulted in an inversion of 5 pins
INFO: [Opt 31-138] Pushed 24 inverter(s) to 135 load pin(s).
INFO: [Opt 31-49] Retargeted 0 cell(s).
Phase 1 Retarget | Checksum: f9f281f5

Time (s): cpu = 00:00:07 ; elapsed = 00:00:06 . Memory (MB): peak = 3351.469 ; gain = 456.867 ; free physical = 2787 ; free virtual = 7391
INFO: [Opt 31-389] Phase Retarget created 317 cells and removed 369 cells
INFO: [Opt 31-1021] In phase Retarget, 45 netlist objects are constrained preventing optimization. Please run opt_design with -debug_log to get more detail. 

Phase 2 Constant propagation
INFO: [Opt 31-138] Pushed 7 inverter(s) to 27 load pin(s).
Phase 2 Constant propagation | Checksum: 153bb171c

Time (s): cpu = 00:00:08 ; elapsed = 00:00:07 . Memory (MB): peak = 3351.469 ; gain = 456.867 ; free physical = 2788 ; free virtual = 7392
INFO: [Opt 31-389] Phase Constant propagation created 328 cells and removed 3341 cells
INFO: [Opt 31-1021] In phase Constant propagation, 60 netlist objects are constrained preventing optimization. Please run opt_design with -debug_log to get more detail. 

Phase 3 Sweep
Phase 3 Sweep | Checksum: f0c9661c

Time (s): cpu = 00:00:09 ; elapsed = 00:00:07 . Memory (MB): peak = 3351.469 ; gain = 456.867 ; free physical = 2788 ; free virtual = 7392
INFO: [Opt 31-389] Phase Sweep created 0 cells and removed 1228 cells
INFO: [Opt 31-1021] In phase Sweep, 75 netlist objects are constrained preventing optimization. Please run opt_design with -debug_log to get more detail. 

Phase 4 BUFG optimization
Phase 4 BUFG optimization | Checksum: f0c9661c

Time (s): cpu = 00:00:09 ; elapsed = 00:00:08 . Memory (MB): peak = 3383.484 ; gain = 488.883 ; free physical = 2787 ; free virtual = 7391
INFO: [Opt 31-662] Phase BUFG optimization created 0 cells of which 0 are BUFGs and removed 0 cells.

Phase 5 Shift Register Optimization
INFO: [Opt 31-1064] SRL Remap converted 0 SRLs to 0 registers and converted 0 registers of register chains to 0 SRLs
Phase 5 Shift Register Optimization | Checksum: f0c9661c

Time (s): cpu = 00:00:09 ; elapsed = 00:00:08 . Memory (MB): peak = 3383.484 ; gain = 488.883 ; free physical = 2787 ; free virtual = 7391
INFO: [Opt 31-389] Phase Shift Register Optimization created 0 cells and removed 0 cells
INFO: [Opt 31-1555] control_set_opt supports Versal devices only, and device 7z020 is unsupported

Phase 6 Post Processing Netlist
INFO: [Opt 31-1287] Pulled Inverter top_i/smartconnect_0/inst/s00_entry_pipeline/s00_si_converter/inst/converter.wrap_narrow_inst/gen_thread_loop[0].r_cmd_fifo/gen_srls[3].srl_nx1/skid_buffer[1128]_i_1__0 into driver instance top_i/smartconnect_0/inst/s00_entry_pipeline/s00_si_converter/inst/converter.wrap_narrow_inst/gen_thread_loop[0].r_cmd_fifo/gen_srls[3].srl_nx1/skid_buffer[1128]_i_2, which resulted in an inversion of 4 pins
Phase 6 Post Processing Netlist | Checksum: dcb6db2e

Time (s): cpu = 00:00:09 ; elapsed = 00:00:08 . Memory (MB): peak = 3383.484 ; gain = 488.883 ; free physical = 2787 ; free virtual = 7391
INFO: [Opt 31-389] Phase Post Processing Netlist created 0 cells and removed 1 cells
INFO: [Opt 31-1021] In phase Post Processing Netlist, 45 netlist objects are constrained preventing optimization. Please run opt_design with -debug_log to get more detail. 
Opt_design Change Summary
=========================


-------------------------------------------------------------------------------------------------------------------------
|  Phase                        |  #Cells created  |  #Cells Removed  |  #Constrained objects preventing optimizations  |
-------------------------------------------------------------------------------------------------------------------------
|  Retarget                     |             317  |             369  |                                             45  |
|  Constant propagation         |             328  |            3341  |                                             60  |
|  Sweep                        |               0  |            1228  |                                             75  |
|  BUFG optimization            |               0  |               0  |                                              0  |
|  Shift Register Optimization  |               0  |               0  |                                              0  |
|  Post Processing Netlist      |               0  |               1  |                                             45  |
-------------------------------------------------------------------------------------------------------------------------



Starting Connectivity Check Task

Time (s): cpu = 00:00:00.03 ; elapsed = 00:00:00.03 . Memory (MB): peak = 3383.484 ; gain = 0.000 ; free physical = 2787 ; free virtual = 7391
Ending Logic Optimization Task | Checksum: 22978c9de

Time (s): cpu = 00:00:09 ; elapsed = 00:00:08 . Memory (MB): peak = 3383.484 ; gain = 488.883 ; free physical = 2787 ; free virtual = 7391

Starting Netlist Obfuscation Task
Netlist sorting complete. Time (s): cpu = 00:00:00 ; elapsed = 00:00:00 . Memory (MB): peak = 3383.484 ; gain = 0.000 ; free physical = 2787 ; free virtual = 7391
Ending Netlist Obfuscation Task | Checksum: 22978c9de

Time (s): cpu = 00:00:00 ; elapsed = 00:00:00.01 . Memory (MB): peak = 3383.484 ; gain = 0.000 ; free physical = 2787 ; free virtual = 7391
INFO: [Common 17-83] Releasing license: Implementation
64 Infos, 0 Warnings, 0 Critical Warnings and 0 Errors encountered.
opt_design completed successfully
opt_design: Time (s): cpu = 00:00:12 ; elapsed = 00:00:10 . Memory (MB): peak = 3383.484 ; gain = 674.504 ; free physical = 2787 ; free virtual = 7391
INFO: [Timing 38-480] Writing timing data to binary archive.
Writing XDEF routing.
Writing XDEF routing logical nets.
Writing XDEF routing special nets.
Write XDEF Complete: Time (s): cpu = 00:00:00.29 ; elapsed = 00:00:00.08 . Memory (MB): peak = 3391.488 ; gain = 0.000 ; free physical = 2776 ; free virtual = 7383
INFO: [Common 17-1381] The checkpoint '/tmp/finn_dev_shakeelarkam00/vivado_zynq_proj_b0y0bmk4/finn_zynq_link.runs/impl_1/top_wrapper_opt.dcp' has been generated.
INFO: [runtcl-4] Executing : report_drc -file top_wrapper_drc_opted.rpt -pb top_wrapper_drc_opted.pb -rpx top_wrapper_drc_opted.rpx
Command: report_drc -file top_wrapper_drc_opted.rpt -pb top_wrapper_drc_opted.pb -rpx top_wrapper_drc_opted.rpx
INFO: [IP_Flow 19-1839] IP Catalog is up to date.
INFO: [DRC 23-27] Running DRC with 6 threads
INFO: [Vivado_Tcl 2-168] The results of DRC are in file /tmp/finn_dev_shakeelarkam00/vivado_zynq_proj_b0y0bmk4/finn_zynq_link.runs/impl_1/top_wrapper_drc_opted.rpt.
report_drc completed successfully
Command: place_design -directive ExtraTimingOpt
Attempting to get a license for feature 'Implementation' and/or device 'xc7z020'
INFO: [Common 17-349] Got license for feature 'Implementation' and/or device 'xc7z020'
INFO: [DRC 23-27] Running DRC with 6 threads
INFO: [Vivado_Tcl 4-198] DRC finished with 0 Errors
INFO: [Vivado_Tcl 4-199] Please refer to the DRC report (report_drc) for more information.
Running DRC as a precondition to command place_design
INFO: [DRC 23-27] Running DRC with 6 threads
INFO: [Vivado_Tcl 4-198] DRC finished with 0 Errors
INFO: [Vivado_Tcl 4-199] Please refer to the DRC report (report_drc) for more information.

Starting Placer Task
INFO: [Place 46-5] The placer was invoked with the 'ExtraTimingOpt' directive.
INFO: [Place 30-611] Multithreading enabled for place_design using a maximum of 6 CPUs

Phase 1 Placer Initialization

Phase 1.1 Placer Initialization Netlist Sorting
Netlist sorting complete. Time (s): cpu = 00:00:00.01 ; elapsed = 00:00:00.01 . Memory (MB): peak = 3487.535 ; gain = 0.000 ; free physical = 2737 ; free virtual = 7343
Phase 1.1 Placer Initialization Netlist Sorting | Checksum: 132ba66bc

Time (s): cpu = 00:00:00.01 ; elapsed = 00:00:00.02 . Memory (MB): peak = 3487.535 ; gain = 0.000 ; free physical = 2737 ; free virtual = 7343
Netlist sorting complete. Time (s): cpu = 00:00:00 ; elapsed = 00:00:00.01 . Memory (MB): peak = 3487.535 ; gain = 0.000 ; free physical = 2737 ; free virtual = 7343

Phase 1.2 IO Placement/ Clock Placement/ Build Placer Device
INFO: [Timing 38-35] Done setting XDC timing constraints.
Phase 1.2 IO Placement/ Clock Placement/ Build Placer Device | Checksum: e6a323ff

Time (s): cpu = 00:00:03 ; elapsed = 00:00:02 . Memory (MB): peak = 3487.535 ; gain = 0.000 ; free physical = 2714 ; free virtual = 7321

Phase 1.3 Build Placer Netlist Model
Phase 1.3 Build Placer Netlist Model | Checksum: be2dbc89

Time (s): cpu = 00:00:09 ; elapsed = 00:00:04 . Memory (MB): peak = 3487.535 ; gain = 0.000 ; free physical = 2683 ; free virtual = 7291

Phase 1.4 Constrain Clocks/Macros
Phase 1.4 Constrain Clocks/Macros | Checksum: be2dbc89

Time (s): cpu = 00:00:09 ; elapsed = 00:00:04 . Memory (MB): peak = 3487.535 ; gain = 0.000 ; free physical = 2683 ; free virtual = 7291
Phase 1 Placer Initialization | Checksum: be2dbc89

Time (s): cpu = 00:00:09 ; elapsed = 00:00:04 . Memory (MB): peak = 3487.535 ; gain = 0.000 ; free physical = 2683 ; free virtual = 7291

Phase 2 Global Placement

Phase 2.1 Floorplanning
Phase 2.1 Floorplanning | Checksum: 156b228be

Time (s): cpu = 00:00:12 ; elapsed = 00:00:05 . Memory (MB): peak = 3504.504 ; gain = 16.969 ; free physical = 2672 ; free virtual = 7280

Phase 2.2 Update Timing before SLR Path Opt
Phase 2.2 Update Timing before SLR Path Opt | Checksum: d03a1cd1

Time (s): cpu = 00:00:15 ; elapsed = 00:00:06 . Memory (MB): peak = 3504.504 ; gain = 16.969 ; free physical = 2666 ; free virtual = 7274

Phase 2.3 Post-Processing in Floorplanning
Phase 2.3 Post-Processing in Floorplanning | Checksum: d03a1cd1

Time (s): cpu = 00:00:15 ; elapsed = 00:00:06 . Memory (MB): peak = 3504.504 ; gain = 16.969 ; free physical = 2666 ; free virtual = 7274

Phase 2.4 Global Placement Core

Phase 2.4.1 UpdateTiming Before Physical Synthesis
Phase 2.4.1 UpdateTiming Before Physical Synthesis | Checksum: 124fcb115

Time (s): cpu = 00:00:38 ; elapsed = 00:00:13 . Memory (MB): peak = 3507.473 ; gain = 19.938 ; free physical = 2642 ; free virtual = 7251

Phase 2.4.2 Physical Synthesis In Placer
INFO: [Physopt 32-1035] Found 0 LUTNM shape to break, 640 LUT instances to create LUTNM shape
INFO: [Physopt 32-1044] Break lutnm for timing: one critical 0, two critical 0, total 0, new lutff created 0
INFO: [Physopt 32-1138] End 1 Pass. Optimized 279 nets or LUTs. Breaked 0 LUT, combined 279 existing LUTs and moved 0 existing LUT
INFO: [Physopt 32-65] No nets found for high-fanout optimization.
INFO: [Physopt 32-232] Optimized 0 net. Created 0 new instance.
INFO: [Physopt 32-775] End 1 Pass. Optimized 0 net or cell. Created 0 new cell, deleted 0 existing cell and moved 0 existing cell
INFO: [Physopt 32-670] No setup violation found.  DSP Register Optimization was not performed.
INFO: [Physopt 32-670] No setup violation found.  Shift Register to Pipeline Optimization was not performed.
INFO: [Physopt 32-670] No setup violation found.  Shift Register Optimization was not performed.
INFO: [Physopt 32-670] No setup violation found.  BRAM Register Optimization was not performed.
INFO: [Physopt 32-670] No setup violation found.  URAM Register Optimization was not performed.
INFO: [Physopt 32-949] No candidate nets found for dynamic/static region interface net replication
INFO: [Physopt 32-775] End 1 Pass. Optimized 0 net or cell. Created 0 new cell, deleted 0 existing cell and moved 0 existing cell
Netlist sorting complete. Time (s): cpu = 00:00:00.01 ; elapsed = 00:00:00 . Memory (MB): peak = 3507.473 ; gain = 0.000 ; free physical = 2637 ; free virtual = 7250

Summary of Physical Synthesis Optimizations
============================================


-----------------------------------------------------------------------------------------------------------------------------------------------------------
|  Optimization                                     |  Added Cells  |  Removed Cells  |  Optimized Cells/Nets  |  Dont Touch  |  Iterations  |  Elapsed   |
-----------------------------------------------------------------------------------------------------------------------------------------------------------
|  LUT Combining                                    |            0  |            279  |                   279  |           0  |           1  |  00:00:00  |
|  Retime                                           |            0  |              0  |                     0  |           0  |           1  |  00:00:00  |
|  Very High Fanout                                 |            0  |              0  |                     0  |           0  |           1  |  00:00:00  |
|  DSP Register                                     |            0  |              0  |                     0  |           0  |           0  |  00:00:00  |
|  Shift Register to Pipeline                       |            0  |              0  |                     0  |           0  |           0  |  00:00:00  |
|  Shift Register                                   |            0  |              0  |                     0  |           0  |           0  |  00:00:00  |
|  BRAM Register                                    |            0  |              0  |                     0  |           0  |           0  |  00:00:00  |
|  URAM Register                                    |            0  |              0  |                     0  |           0  |           0  |  00:00:00  |
|  Dynamic/Static Region Interface Net Replication  |            0  |              0  |                     0  |           0  |           1  |  00:00:00  |
|  Total                                            |            0  |            279  |                   279  |           0  |           4  |  00:00:00  |
-----------------------------------------------------------------------------------------------------------------------------------------------------------


Phase 2.4.2 Physical Synthesis In Placer | Checksum: 1aa157f35

Time (s): cpu = 00:00:41 ; elapsed = 00:00:15 . Memory (MB): peak = 3507.473 ; gain = 19.938 ; free physical = 2635 ; free virtual = 7248
Phase 2.4 Global Placement Core | Checksum: 1a5a40da1

Time (s): cpu = 00:00:43 ; elapsed = 00:00:15 . Memory (MB): peak = 3507.473 ; gain = 19.938 ; free physical = 2633 ; free virtual = 7245
Phase 2 Global Placement | Checksum: 1a5a40da1

Time (s): cpu = 00:00:43 ; elapsed = 00:00:15 . Memory (MB): peak = 3507.473 ; gain = 19.938 ; free physical = 2635 ; free virtual = 7247

Phase 3 Detail Placement

Phase 3.1 Commit Multi Column Macros
Phase 3.1 Commit Multi Column Macros | Checksum: 1e803628e

Time (s): cpu = 00:00:45 ; elapsed = 00:00:16 . Memory (MB): peak = 3507.473 ; gain = 19.938 ; free physical = 2636 ; free virtual = 7248

Phase 3.2 Commit Most Macros & LUTRAMs
Phase 3.2 Commit Most Macros & LUTRAMs | Checksum: eaf8650a

Time (s): cpu = 00:00:50 ; elapsed = 00:00:17 . Memory (MB): peak = 3507.473 ; gain = 19.938 ; free physical = 2635 ; free virtual = 7248

Phase 3.3 Area Swap Optimization
Phase 3.3 Area Swap Optimization | Checksum: 129b6b648

Time (s): cpu = 00:00:50 ; elapsed = 00:00:18 . Memory (MB): peak = 3507.473 ; gain = 19.938 ; free physical = 2635 ; free virtual = 7248

Phase 3.4 Pipeline Register Optimization
Phase 3.4 Pipeline Register Optimization | Checksum: 160279ffa

Time (s): cpu = 00:00:50 ; elapsed = 00:00:18 . Memory (MB): peak = 3507.473 ; gain = 19.938 ; free physical = 2635 ; free virtual = 7248

Phase 3.5 Small Shape Detail Placement
Phase 3.5 Small Shape Detail Placement | Checksum: f733f5da

Time (s): cpu = 00:00:54 ; elapsed = 00:00:21 . Memory (MB): peak = 3507.473 ; gain = 19.938 ; free physical = 2621 ; free virtual = 7234

Phase 3.6 Re-assign LUT pins
Phase 3.6 Re-assign LUT pins | Checksum: a63ae1da

Time (s): cpu = 00:00:54 ; elapsed = 00:00:21 . Memory (MB): peak = 3507.473 ; gain = 19.938 ; free physical = 2621 ; free virtual = 7234

Phase 3.7 Pipeline Register Optimization
Phase 3.7 Pipeline Register Optimization | Checksum: 87579d27

Time (s): cpu = 00:00:54 ; elapsed = 00:00:22 . Memory (MB): peak = 3507.473 ; gain = 19.938 ; free physical = 2621 ; free virtual = 7234
Phase 3 Detail Placement | Checksum: 87579d27

Time (s): cpu = 00:00:54 ; elapsed = 00:00:22 . Memory (MB): peak = 3507.473 ; gain = 19.938 ; free physical = 2621 ; free virtual = 7234

Phase 4 Post Placement Optimization and Clean-Up

Phase 4.1 Post Commit Optimization
INFO: [Timing 38-35] Done setting XDC timing constraints.

Phase 4.1.1 Post Placement Optimization
Post Placement Optimization Initialization | Checksum: 8e824c44

Phase 4.1.1.1 BUFG Insertion

Starting Physical Synthesis Task

Phase 1 Physical Synthesis Initialization
INFO: [Physopt 32-721] Multithreading enabled for phys_opt_design using a maximum of 6 CPUs
INFO: [Physopt 32-619] Estimated Timing Summary | WNS=0.731 | TNS=0.000 |
Phase 1 Physical Synthesis Initialization | Checksum: 17151547d

Time (s): cpu = 00:00:02 ; elapsed = 00:00:00.56 . Memory (MB): peak = 3548.277 ; gain = 0.000 ; free physical = 2619 ; free virtual = 7231
INFO: [Place 46-56] BUFG insertion identified 0 candidate nets. Inserted BUFG: 0, Replicated BUFG Driver: 0, Skipped due to Placement/Routing Conflicts: 0, Skipped due to Timing Degradation: 0, Skipped due to Illegal Netlist: 0.
Ending Physical Synthesis Task | Checksum: 12215f5e4

Time (s): cpu = 00:00:02 ; elapsed = 00:00:00.72 . Memory (MB): peak = 3548.277 ; gain = 0.000 ; free physical = 2618 ; free virtual = 7231
Phase 4.1.1.1 BUFG Insertion | Checksum: 8e824c44

Time (s): cpu = 00:01:04 ; elapsed = 00:00:25 . Memory (MB): peak = 3548.277 ; gain = 60.742 ; free physical = 2618 ; free virtual = 7231

Phase 4.1.1.2 Post Placement Timing Optimization
INFO: [Place 30-746] Post Placement Timing Summary WNS=0.731. For the most accurate timing information please run report_timing.
Phase 4.1.1.2 Post Placement Timing Optimization | Checksum: b9ae5937

Time (s): cpu = 00:01:05 ; elapsed = 00:00:26 . Memory (MB): peak = 3548.277 ; gain = 60.742 ; free physical = 2618 ; free virtual = 7231

Time (s): cpu = 00:01:05 ; elapsed = 00:00:26 . Memory (MB): peak = 3548.277 ; gain = 60.742 ; free physical = 2618 ; free virtual = 7231
Phase 4.1 Post Commit Optimization | Checksum: b9ae5937

Time (s): cpu = 00:01:05 ; elapsed = 00:00:26 . Memory (MB): peak = 3548.277 ; gain = 60.742 ; free physical = 2618 ; free virtual = 7231

Phase 4.2 Post Placement Cleanup
Phase 4.2 Post Placement Cleanup | Checksum: b9ae5937

Time (s): cpu = 00:01:05 ; elapsed = 00:00:26 . Memory (MB): peak = 3548.277 ; gain = 60.742 ; free physical = 2618 ; free virtual = 7230

Phase 4.3 Placer Reporting

Phase 4.3.1 Print Estimated Congestion
INFO: [Place 30-612] Post-Placement Estimated Congestion 
 ____________________________________________________
|           | Global Congestion | Short Congestion  |
| Direction | Region Size       | Region Size       |
|___________|___________________|___________________|
|      North|                1x1|                4x4|
|___________|___________________|___________________|
|      South|                1x1|                2x2|
|___________|___________________|___________________|
|       East|                1x1|                1x1|
|___________|___________________|___________________|
|       West|                1x1|                1x1|
|___________|___________________|___________________|

Phase 4.3.1 Print Estimated Congestion | Checksum: b9ae5937

Time (s): cpu = 00:01:05 ; elapsed = 00:00:26 . Memory (MB): peak = 3548.277 ; gain = 60.742 ; free physical = 2618 ; free virtual = 7230
Phase 4.3 Placer Reporting | Checksum: b9ae5937

Time (s): cpu = 00:01:05 ; elapsed = 00:00:26 . Memory (MB): peak = 3548.277 ; gain = 60.742 ; free physical = 2618 ; free virtual = 7230

Phase 4.4 Final Placement Cleanup
Netlist sorting complete. Time (s): cpu = 00:00:00 ; elapsed = 00:00:00 . Memory (MB): peak = 3548.277 ; gain = 0.000 ; free physical = 2618 ; free virtual = 7231

Time (s): cpu = 00:01:05 ; elapsed = 00:00:26 . Memory (MB): peak = 3548.277 ; gain = 60.742 ; free physical = 2618 ; free virtual = 7231
Phase 4 Post Placement Optimization and Clean-Up | Checksum: 1350c6ac5

Time (s): cpu = 00:01:05 ; elapsed = 00:00:26 . Memory (MB): peak = 3548.277 ; gain = 60.742 ; free physical = 2618 ; free virtual = 7231
Ending Placer Task | Checksum: a6b5a450

Time (s): cpu = 00:01:05 ; elapsed = 00:00:26 . Memory (MB): peak = 3548.277 ; gain = 60.742 ; free physical = 2618 ; free virtual = 7231
INFO: [Common 17-83] Releasing license: Implementation
100 Infos, 0 Warnings, 0 Critical Warnings and 0 Errors encountered.
place_design completed successfully
place_design: Time (s): cpu = 00:01:08 ; elapsed = 00:00:27 . Memory (MB): peak = 3548.277 ; gain = 60.742 ; free physical = 2643 ; free virtual = 7256
INFO: [Timing 38-480] Writing timing data to binary archive.
Writing XDEF routing.
Writing XDEF routing logical nets.
Writing XDEF routing special nets.
Write XDEF Complete: Time (s): cpu = 00:00:05 ; elapsed = 00:00:02 . Memory (MB): peak = 3567.254 ; gain = 10.973 ; free physical = 2613 ; free virtual = 7231
INFO: [Common 17-1381] The checkpoint '/tmp/finn_dev_shakeelarkam00/vivado_zynq_proj_b0y0bmk4/finn_zynq_link.runs/impl_1/top_wrapper_placed.dcp' has been generated.
INFO: [runtcl-4] Executing : report_io -file top_wrapper_io_placed.rpt
report_io: Time (s): cpu = 00:00:00.1 ; elapsed = 00:00:00.18 . Memory (MB): peak = 3575.258 ; gain = 0.000 ; free physical = 2611 ; free virtual = 7224
INFO: [runtcl-4] Executing : report_utilization -file top_wrapper_utilization_placed.rpt -pb top_wrapper_utilization_placed.pb
INFO: [runtcl-4] Executing : report_control_sets -verbose -file top_wrapper_control_sets_placed.rpt
report_control_sets: Time (s): cpu = 00:00:00.1 ; elapsed = 00:00:00.19 . Memory (MB): peak = 3575.258 ; gain = 0.000 ; free physical = 2616 ; free virtual = 7230
Command: phys_opt_design -directive AggressiveExplore
Attempting to get a license for feature 'Implementation' and/or device 'xc7z020'
INFO: [Common 17-349] Got license for feature 'Implementation' and/or device 'xc7z020'
INFO: [Vivado_Tcl 4-137] Directive used for phys_opt_design is: AggressiveExplore

Starting Initial Update Timing Task

Time (s): cpu = 00:00:07 ; elapsed = 00:00:02 . Memory (MB): peak = 3575.258 ; gain = 0.000 ; free physical = 2594 ; free virtual = 7207
INFO: [Vivado_Tcl 4-383] Design worst setup slack (WNS) is greater than or equal to 0.000 ns. Skipping all physical synthesis optimizations.
INFO: [Vivado_Tcl 4-232] No setup violation found. The netlist was not modified.
INFO: [Common 17-83] Releasing license: Implementation
110 Infos, 0 Warnings, 0 Critical Warnings and 0 Errors encountered.
phys_opt_design completed successfully
INFO: [Timing 38-480] Writing timing data to binary archive.
Writing XDEF routing.
Writing XDEF routing logical nets.
Writing XDEF routing special nets.
Write XDEF Complete: Time (s): cpu = 00:00:06 ; elapsed = 00:00:03 . Memory (MB): peak = 3593.035 ; gain = 17.777 ; free physical = 2579 ; free virtual = 7197
INFO: [Common 17-1381] The checkpoint '/tmp/finn_dev_shakeelarkam00/vivado_zynq_proj_b0y0bmk4/finn_zynq_link.runs/impl_1/top_wrapper_physopt.dcp' has been generated.
Command: route_design -directive NoTimingRelaxation
Attempting to get a license for feature 'Implementation' and/or device 'xc7z020'
INFO: [Common 17-349] Got license for feature 'Implementation' and/or device 'xc7z020'
Running DRC as a precondition to command route_design
INFO: [DRC 23-27] Running DRC with 6 threads
INFO: [Vivado_Tcl 4-198] DRC finished with 0 Errors
INFO: [Vivado_Tcl 4-199] Please refer to the DRC report (report_drc) for more information.


Starting Routing Task
INFO: [Route 35-270] Using Router directive 'NoTimingRelaxation'.
INFO: [Route 35-254] Multithreading enabled for route_design using a maximum of 6 CPUs

Phase 1 Build RT Design
Checksum: PlaceDB: 13ef5ae9 ConstDB: 0 ShapeSum: 92c64967 RouteDB: 0
Post Restoration Checksum: NetGraph: eef6f9eb NumContArr: c77722e0 Constraints: 0 Timing: 0
Phase 1 Build RT Design | Checksum: 1b66e1ccb

Time (s): cpu = 00:00:23 ; elapsed = 00:00:14 . Memory (MB): peak = 3672.750 ; gain = 52.965 ; free physical = 2463 ; free virtual = 7077

Phase 2 Router Initialization

Phase 2.1 Fix Topology Constraints
Phase 2.1 Fix Topology Constraints | Checksum: 1b66e1ccb

Time (s): cpu = 00:00:23 ; elapsed = 00:00:14 . Memory (MB): peak = 3692.750 ; gain = 72.965 ; free physical = 2437 ; free virtual = 7052

Phase 2.2 Pre Route Cleanup
Phase 2.2 Pre Route Cleanup | Checksum: 1b66e1ccb

Time (s): cpu = 00:00:23 ; elapsed = 00:00:15 . Memory (MB): peak = 3692.750 ; gain = 72.965 ; free physical = 2437 ; free virtual = 7052
 Number of Nodes with overlaps = 0

Phase 2.3 Update Timing
Phase 2.3 Update Timing | Checksum: 1363803b3

Time (s): cpu = 00:00:36 ; elapsed = 00:00:19 . Memory (MB): peak = 3734.133 ; gain = 114.348 ; free physical = 2403 ; free virtual = 7018
INFO: [Route 35-416] Intermediate Timing Summary | WNS=0.819  | TNS=0.000  | WHS=-0.238 | THS=-313.697|


Router Utilization Summary
  Global Vertical Routing Utilization    = 0 %
  Global Horizontal Routing Utilization  = 0 %
  Routable Net Status*
  *Does not include unroutable nets such as driverless and loadless.
  Run report_route_status for detailed report.
  Number of Failed Nets               = 19943
    (Failed Nets is the sum of unrouted and partially routed nets)
  Number of Unrouted Nets             = 19943
  Number of Partially Routed Nets     = 0
  Number of Node Overlaps             = 0

Phase 2 Router Initialization | Checksum: 13a96d4f9

Time (s): cpu = 00:00:43 ; elapsed = 00:00:21 . Memory (MB): peak = 3734.133 ; gain = 114.348 ; free physical = 2392 ; free virtual = 7007

Phase 3 Initial Routing

Phase 3.1 Global Routing
Phase 3.1 Global Routing | Checksum: 13a96d4f9

Time (s): cpu = 00:00:43 ; elapsed = 00:00:22 . Memory (MB): peak = 3734.133 ; gain = 114.348 ; free physical = 2392 ; free virtual = 7007
Phase 3 Initial Routing | Checksum: c99764f0

Time (s): cpu = 00:00:50 ; elapsed = 00:00:23 . Memory (MB): peak = 3734.133 ; gain = 114.348 ; free physical = 2400 ; free virtual = 7014

Phase 4 Rip-up And Reroute

Phase 4.1 Global Iteration 0
 Number of Nodes with overlaps = 2297
 Number of Nodes with overlaps = 554
 Number of Nodes with overlaps = 184
 Number of Nodes with overlaps = 69
 Number of Nodes with overlaps = 18
 Number of Nodes with overlaps = 5
 Number of Nodes with overlaps = 1
 Number of Nodes with overlaps = 0
INFO: [Route 35-416] Intermediate Timing Summary | WNS=1.054  | TNS=0.000  | WHS=N/A    | THS=N/A    |

Phase 4.1 Global Iteration 0 | Checksum: a364a98e

Time (s): cpu = 00:01:10 ; elapsed = 00:00:37 . Memory (MB): peak = 3734.133 ; gain = 114.348 ; free physical = 2393 ; free virtual = 7007

Phase 4.2 Global Iteration 1
 Number of Nodes with overlaps = 8
 Number of Nodes with overlaps = 1
 Number of Nodes with overlaps = 2
 Number of Nodes with overlaps = 2
 Number of Nodes with overlaps = 0
INFO: [Route 35-416] Intermediate Timing Summary | WNS=1.080  | TNS=0.000  | WHS=N/A    | THS=N/A    |

Phase 4.2 Global Iteration 1 | Checksum: 1668bfa20

Time (s): cpu = 00:01:12 ; elapsed = 00:00:39 . Memory (MB): peak = 3734.133 ; gain = 114.348 ; free physical = 2396 ; free virtual = 7011
Phase 4 Rip-up And Reroute | Checksum: 1668bfa20

Time (s): cpu = 00:01:12 ; elapsed = 00:00:39 . Memory (MB): peak = 3734.133 ; gain = 114.348 ; free physical = 2396 ; free virtual = 7011

Phase 5 Delay and Skew Optimization

Phase 5.1 Delay CleanUp

Phase 5.1.1 Update Timing
Phase 5.1.1 Update Timing | Checksum: d6fa2730

Time (s): cpu = 00:01:14 ; elapsed = 00:00:40 . Memory (MB): peak = 3734.133 ; gain = 114.348 ; free physical = 2396 ; free virtual = 7011
INFO: [Route 35-416] Intermediate Timing Summary | WNS=1.080  | TNS=0.000  | WHS=N/A    | THS=N/A    |

Phase 5.1 Delay CleanUp | Checksum: d6fa2730

Time (s): cpu = 00:01:15 ; elapsed = 00:00:40 . Memory (MB): peak = 3734.133 ; gain = 114.348 ; free physical = 2396 ; free virtual = 7011

Phase 5.2 Clock Skew Optimization
Phase 5.2 Clock Skew Optimization | Checksum: d6fa2730

Time (s): cpu = 00:01:15 ; elapsed = 00:00:40 . Memory (MB): peak = 3734.133 ; gain = 114.348 ; free physical = 2396 ; free virtual = 7011
Phase 5 Delay and Skew Optimization | Checksum: d6fa2730

Time (s): cpu = 00:01:15 ; elapsed = 00:00:40 . Memory (MB): peak = 3734.133 ; gain = 114.348 ; free physical = 2396 ; free virtual = 7011

Phase 6 Post Hold Fix

Phase 6.1 Hold Fix Iter

Phase 6.1.1 Update Timing
Phase 6.1.1 Update Timing | Checksum: 1613ebd6c

Time (s): cpu = 00:01:18 ; elapsed = 00:00:41 . Memory (MB): peak = 3734.133 ; gain = 114.348 ; free physical = 2396 ; free virtual = 7011
INFO: [Route 35-416] Intermediate Timing Summary | WNS=1.080  | TNS=0.000  | WHS=0.023  | THS=0.000  |

Phase 6.1 Hold Fix Iter | Checksum: 97badd9a

Time (s): cpu = 00:01:18 ; elapsed = 00:00:41 . Memory (MB): peak = 3734.133 ; gain = 114.348 ; free physical = 2396 ; free virtual = 7011
Phase 6 Post Hold Fix | Checksum: 97badd9a

Time (s): cpu = 00:01:18 ; elapsed = 00:00:41 . Memory (MB): peak = 3734.133 ; gain = 114.348 ; free physical = 2396 ; free virtual = 7011

Phase 7 Route finalize

Router Utilization Summary
  Global Vertical Routing Utilization    = 3.71591 %
  Global Horizontal Routing Utilization  = 4.28406 %
  Routable Net Status*
  *Does not include unroutable nets such as driverless and loadless.
  Run report_route_status for detailed report.
  Number of Failed Nets               = 0
    (Failed Nets is the sum of unrouted and partially routed nets)
  Number of Unrouted Nets             = 0
  Number of Partially Routed Nets     = 0
  Number of Node Overlaps             = 0

Phase 7 Route finalize | Checksum: eb4c6154

Time (s): cpu = 00:01:18 ; elapsed = 00:00:41 . Memory (MB): peak = 3734.133 ; gain = 114.348 ; free physical = 2396 ; free virtual = 7011

Phase 8 Verifying routed nets

 Verification completed successfully
Phase 8 Verifying routed nets | Checksum: eb4c6154

Time (s): cpu = 00:01:18 ; elapsed = 00:00:41 . Memory (MB): peak = 3734.133 ; gain = 114.348 ; free physical = 2396 ; free virtual = 7011

Phase 9 Depositing Routes
Phase 9 Depositing Routes | Checksum: 1048143bb

Time (s): cpu = 00:01:20 ; elapsed = 00:00:42 . Memory (MB): peak = 3750.141 ; gain = 130.355 ; free physical = 2396 ; free virtual = 7011

Phase 10 Post Router Timing
INFO: [Route 35-20] Post Routing Timing Summary | WNS=1.083  | TNS=0.000  | WHS=0.022  | THS=0.000  |

Phase 10 Post Router Timing | Checksum: 120e38b6e

Time (s): cpu = 00:01:30 ; elapsed = 00:00:45 . Memory (MB): peak = 3750.141 ; gain = 130.355 ; free physical = 2389 ; free virtual = 7004
INFO: [Route 35-61] The design met the timing requirement.
INFO: [Route 35-16] Router Completed Successfully

Time (s): cpu = 00:01:30 ; elapsed = 00:00:45 . Memory (MB): peak = 3750.141 ; gain = 130.355 ; free physical = 2493 ; free virtual = 7108

Routing Is Done.
INFO: [Common 17-83] Releasing license: Implementation
127 Infos, 0 Warnings, 0 Critical Warnings and 0 Errors encountered.
route_design completed successfully
route_design: Time (s): cpu = 00:01:33 ; elapsed = 00:00:47 . Memory (MB): peak = 3750.141 ; gain = 157.105 ; free physical = 2495 ; free virtual = 7111
INFO: [Common 17-600] The following parameters have non-default value.
general.maxThreads
INFO: [Timing 38-480] Writing timing data to binary archive.
Writing XDEF routing.
Writing XDEF routing logical nets.
Writing XDEF routing special nets.
Write XDEF Complete: Time (s): cpu = 00:00:06 ; elapsed = 00:00:03 . Memory (MB): peak = 3759.195 ; gain = 9.055 ; free physical = 2488 ; free virtual = 7109
INFO: [Common 17-1381] The checkpoint '/tmp/finn_dev_shakeelarkam00/vivado_zynq_proj_b0y0bmk4/finn_zynq_link.runs/impl_1/top_wrapper_routed.dcp' has been generated.
write_checkpoint: Time (s): cpu = 00:00:10 ; elapsed = 00:00:06 . Memory (MB): peak = 3759.195 ; gain = 9.055 ; free physical = 2485 ; free virtual = 7101
INFO: [runtcl-4] Executing : report_drc -file top_wrapper_drc_routed.rpt -pb top_wrapper_drc_routed.pb -rpx top_wrapper_drc_routed.rpx
Command: report_drc -file top_wrapper_drc_routed.rpt -pb top_wrapper_drc_routed.pb -rpx top_wrapper_drc_routed.rpx
INFO: [IP_Flow 19-1839] IP Catalog is up to date.
INFO: [DRC 23-27] Running DRC with 6 threads
INFO: [Vivado_Tcl 2-168] The results of DRC are in file /tmp/finn_dev_shakeelarkam00/vivado_zynq_proj_b0y0bmk4/finn_zynq_link.runs/impl_1/top_wrapper_drc_routed.rpt.
report_drc completed successfully
INFO: [runtcl-4] Executing : report_methodology -file top_wrapper_methodology_drc_routed.rpt -pb top_wrapper_methodology_drc_routed.pb -rpx top_wrapper_methodology_drc_routed.rpx
Command: report_methodology -file top_wrapper_methodology_drc_routed.rpt -pb top_wrapper_methodology_drc_routed.pb -rpx top_wrapper_methodology_drc_routed.rpx
INFO: [Timing 38-35] Done setting XDC timing constraints.
INFO: [DRC 23-133] Running Methodology with 6 threads
INFO: [Vivado_Tcl 2-1520] The results of Report Methodology are in file /tmp/finn_dev_shakeelarkam00/vivado_zynq_proj_b0y0bmk4/finn_zynq_link.runs/impl_1/top_wrapper_methodology_drc_routed.rpt.
report_methodology completed successfully
report_methodology: Time (s): cpu = 00:00:19 ; elapsed = 00:00:05 . Memory (MB): peak = 3782.008 ; gain = 0.000 ; free physical = 2487 ; free virtual = 7103
INFO: [runtcl-4] Executing : report_power -file top_wrapper_power_routed.rpt -pb top_wrapper_power_summary_routed.pb -rpx top_wrapper_power_routed.rpx
Command: report_power -file top_wrapper_power_routed.rpt -pb top_wrapper_power_summary_routed.pb -rpx top_wrapper_power_routed.rpx
INFO: [Timing 38-35] Done setting XDC timing constraints.
Running Vector-less Activity Propagation...

Finished Running Vector-less Activity Propagation
140 Infos, 0 Warnings, 0 Critical Warnings and 0 Errors encountered.
report_power completed successfully
INFO: [runtcl-4] Executing : report_route_status -file top_wrapper_route_status.rpt -pb top_wrapper_route_status.pb
INFO: [runtcl-4] Executing : report_timing_summary -max_paths 10 -report_unconstrained -file top_wrapper_timing_summary_routed.rpt -pb top_wrapper_timing_summary_routed.pb -rpx top_wrapper_timing_summary_routed.rpx
INFO: [Timing 38-91] UpdateTimingParams: Speed grade: -1, Delay Type: min_max.
INFO: [Timing 38-191] Multithreading enabled for timing update using a maximum of 6 CPUs
INFO: [runtcl-4] Executing : report_incremental_reuse -file top_wrapper_incremental_reuse_routed.rpt
INFO: [Vivado_Tcl 4-1062] Incremental flow is disabled. No incremental reuse Info to report.
INFO: [runtcl-4] Executing : report_clock_utilization -file top_wrapper_clock_utilization_routed.rpt
INFO: [runtcl-4] Executing : report_bus_skew -warn_on_violation -file top_wrapper_bus_skew_routed.rpt -pb top_wrapper_bus_skew_routed.pb -rpx top_wrapper_bus_skew_routed.rpx
INFO: [Timing 38-91] UpdateTimingParams: Speed grade: -1, Delay Type: min_max.
INFO: [Timing 38-191] Multithreading enabled for timing update using a maximum of 6 CPUs
Command: phys_opt_design -directive AggressiveExplore
Attempting to get a license for feature 'Implementation' and/or device 'xc7z020'
INFO: [Common 17-349] Got license for feature 'Implementation' and/or device 'xc7z020'
INFO: [Vivado_Tcl 4-241] Physical synthesis in post route mode ( 100.0% nets are fully routed)
INFO: [Vivado_Tcl 4-137] Directive used for phys_opt_design is: AggressiveExplore

Starting Initial Update Timing Task

Time (s): cpu = 00:00:11 ; elapsed = 00:00:03 . Memory (MB): peak = 3819.965 ; gain = 0.000 ; free physical = 2466 ; free virtual = 7083
INFO: [Vivado_Tcl 4-383] Design worst setup slack (WNS) is greater than or equal to 0.000 ns. Skipping all physical synthesis optimizations.
INFO: [Vivado_Tcl 4-232] No setup violation found. The netlist was not modified.
INFO: [Common 17-83] Releasing license: Implementation
9 Infos, 0 Warnings, 0 Critical Warnings and 0 Errors encountered.
phys_opt_design completed successfully
INFO: [Common 17-600] The following parameters have non-default value.
general.maxThreads
INFO: [Timing 38-480] Writing timing data to binary archive.
Writing XDEF routing.
Writing XDEF routing logical nets.
Writing XDEF routing special nets.
Write XDEF Complete: Time (s): cpu = 00:00:06 ; elapsed = 00:00:03 . Memory (MB): peak = 3819.965 ; gain = 0.000 ; free physical = 2451 ; free virtual = 7072
INFO: [Common 17-1381] The checkpoint '/tmp/finn_dev_shakeelarkam00/vivado_zynq_proj_b0y0bmk4/finn_zynq_link.runs/impl_1/top_wrapper_postroute_physopt.dcp' has been generated.
INFO: [runtcl-4] Executing : report_timing_summary -max_paths 10 -report_unconstrained -warn_on_violation -file top_wrapper_timing_summary_postroute_physopted.rpt -pb top_wrapper_timing_summary_postroute_physopted.pb -rpx top_wrapper_timing_summary_postroute_physopted.rpx
INFO: [Timing 38-91] UpdateTimingParams: Speed grade: -1, Delay Type: min_max.
INFO: [Timing 38-191] Multithreading enabled for timing update using a maximum of 6 CPUs
INFO: [runtcl-4] Executing : report_bus_skew -warn_on_violation -file top_wrapper_bus_skew_postroute_physopted.rpt -pb top_wrapper_bus_skew_postroute_physopted.pb -rpx top_wrapper_bus_skew_postroute_physopted.rpx
INFO: [Timing 38-91] UpdateTimingParams: Speed grade: -1, Delay Type: min_max.
INFO: [Timing 38-191] Multithreading enabled for timing update using a maximum of 6 CPUs
INFO: [Memdata 28-167] Found XPM memory block top_i/smartconnect_0/inst/s01_nodes/s01_w_node/inst/inst_mi_handler/gen_normal_area.inst_fifo_node_payld/gen_xpm_memory_fifo.inst_fifo/gen_mem_rep[0].inst_xpm_memory/xpm_memory_base_inst with a P_MEMORY_PRIMITIVE property set to distributed. A value of block is required. You will not be able to use the updatemem program to update the bitstream with new data for the top_i/smartconnect_0/inst/s01_nodes/s01_w_node/inst/inst_mi_handler/gen_normal_area.inst_fifo_node_payld/gen_xpm_memory_fifo.inst_fifo/gen_mem_rep[0].inst_xpm_memory/xpm_memory_base_inst block.
INFO: [Memdata 28-167] Found XPM memory block top_i/smartconnect_0/inst/s01_nodes/s01_w_node/inst/inst_mi_handler/gen_normal_area.gen_fifo_req.inst_fifo_req/gen_xpm_memory_fifo.inst_fifo/gen_mem_rep[0].inst_xpm_memory/xpm_memory_base_inst with a P_MEMORY_PRIMITIVE property set to distributed. A value of block is required. You will not be able to use the updatemem program to update the bitstream with new data for the top_i/smartconnect_0/inst/s01_nodes/s01_w_node/inst/inst_mi_handler/gen_normal_area.gen_fifo_req.inst_fifo_req/gen_xpm_memory_fifo.inst_fifo/gen_mem_rep[0].inst_xpm_memory/xpm_memory_base_inst block.
INFO: [Memdata 28-167] Found XPM memory block top_i/smartconnect_0/inst/s01_nodes/s01_r_node/inst/inst_mi_handler/gen_normal_area.inst_fifo_node_payld/gen_xpm_memory_fifo.inst_fifo/gen_mem_rep[0].inst_xpm_memory/xpm_memory_base_inst with a P_MEMORY_PRIMITIVE property set to distributed. A value of block is required. You will not be able to use the updatemem program to update the bitstream with new data for the top_i/smartconnect_0/inst/s01_nodes/s01_r_node/inst/inst_mi_handler/gen_normal_area.inst_fifo_node_payld/gen_xpm_memory_fifo.inst_fifo/gen_mem_rep[0].inst_xpm_memory/xpm_memory_base_inst block.
INFO: [Memdata 28-167] Found XPM memory block top_i/smartconnect_0/inst/s01_nodes/s01_aw_node/inst/inst_mi_handler/gen_normal_area.inst_fifo_node_payld/gen_xpm_memory_fifo.inst_fifo/gen_mem_rep[0].inst_xpm_memory/xpm_memory_base_inst with a P_MEMORY_PRIMITIVE property set to distributed. A value of block is required. You will not be able to use the updatemem program to update the bitstream with new data for the top_i/smartconnect_0/inst/s01_nodes/s01_aw_node/inst/inst_mi_handler/gen_normal_area.inst_fifo_node_payld/gen_xpm_memory_fifo.inst_fifo/gen_mem_rep[0].inst_xpm_memory/xpm_memory_base_inst block.
INFO: [Memdata 28-167] Found XPM memory block top_i/smartconnect_0/inst/s01_nodes/s01_ar_node/inst/inst_mi_handler/gen_normal_area.inst_fifo_node_payld/gen_xpm_memory_fifo.inst_fifo/gen_mem_rep[0].inst_xpm_memory/xpm_memory_base_inst with a P_MEMORY_PRIMITIVE property set to distributed. A value of block is required. You will not be able to use the updatemem program to update the bitstream with new data for the top_i/smartconnect_0/inst/s01_nodes/s01_ar_node/inst/inst_mi_handler/gen_normal_area.inst_fifo_node_payld/gen_xpm_memory_fifo.inst_fifo/gen_mem_rep[0].inst_xpm_memory/xpm_memory_base_inst block.
INFO: [Memdata 28-167] Found XPM memory block top_i/smartconnect_0/inst/s00_nodes/s00_w_node/inst/inst_mi_handler/gen_normal_area.inst_fifo_node_payld/gen_xpm_memory_fifo.inst_fifo/gen_mem_rep[0].inst_xpm_memory/xpm_memory_base_inst with a P_MEMORY_PRIMITIVE property set to distributed. A value of block is required. You will not be able to use the updatemem program to update the bitstream with new data for the top_i/smartconnect_0/inst/s00_nodes/s00_w_node/inst/inst_mi_handler/gen_normal_area.inst_fifo_node_payld/gen_xpm_memory_fifo.inst_fifo/gen_mem_rep[0].inst_xpm_memory/xpm_memory_base_inst block.
INFO: [Memdata 28-167] Found XPM memory block top_i/smartconnect_0/inst/s00_nodes/s00_w_node/inst/inst_mi_handler/gen_normal_area.gen_fifo_req.inst_fifo_req/gen_xpm_memory_fifo.inst_fifo/gen_mem_rep[0].inst_xpm_memory/xpm_memory_base_inst with a P_MEMORY_PRIMITIVE property set to distributed. A value of block is required. You will not be able to use the updatemem program to update the bitstream with new data for the top_i/smartconnect_0/inst/s00_nodes/s00_w_node/inst/inst_mi_handler/gen_normal_area.gen_fifo_req.inst_fifo_req/gen_xpm_memory_fifo.inst_fifo/gen_mem_rep[0].inst_xpm_memory/xpm_memory_base_inst block.
INFO: [Memdata 28-167] Found XPM memory block top_i/smartconnect_0/inst/s00_nodes/s00_r_node/inst/inst_mi_handler/gen_normal_area.inst_fifo_node_payld/gen_xpm_memory_fifo.inst_fifo/gen_mem_rep[0].inst_xpm_memory/xpm_memory_base_inst with a P_MEMORY_PRIMITIVE property set to distributed. A value of block is required. You will not be able to use the updatemem program to update the bitstream with new data for the top_i/smartconnect_0/inst/s00_nodes/s00_r_node/inst/inst_mi_handler/gen_normal_area.inst_fifo_node_payld/gen_xpm_memory_fifo.inst_fifo/gen_mem_rep[0].inst_xpm_memory/xpm_memory_base_inst block.
INFO: [Memdata 28-167] Found XPM memory block top_i/smartconnect_0/inst/s00_nodes/s00_aw_node/inst/inst_mi_handler/gen_normal_area.inst_fifo_node_payld/gen_xpm_memory_fifo.inst_fifo/gen_mem_rep[0].inst_xpm_memory/xpm_memory_base_inst with a P_MEMORY_PRIMITIVE property set to distributed. A value of block is required. You will not be able to use the updatemem program to update the bitstream with new data for the top_i/smartconnect_0/inst/s00_nodes/s00_aw_node/inst/inst_mi_handler/gen_normal_area.inst_fifo_node_payld/gen_xpm_memory_fifo.inst_fifo/gen_mem_rep[0].inst_xpm_memory/xpm_memory_base_inst block.
INFO: [Memdata 28-167] Found XPM memory block top_i/smartconnect_0/inst/s00_nodes/s00_ar_node/inst/inst_mi_handler/gen_normal_area.inst_fifo_node_payld/gen_xpm_memory_fifo.inst_fifo/gen_mem_rep[0].inst_xpm_memory/xpm_memory_base_inst with a P_MEMORY_PRIMITIVE property set to distributed. A value of block is required. You will not be able to use the updatemem program to update the bitstream with new data for the top_i/smartconnect_0/inst/s00_nodes/s00_ar_node/inst/inst_mi_handler/gen_normal_area.inst_fifo_node_payld/gen_xpm_memory_fifo.inst_fifo/gen_mem_rep[0].inst_xpm_memory/xpm_memory_base_inst block.
INFO: [Memdata 28-167] Found XPM memory block top_i/smartconnect_0/inst/m00_nodes/m00_w_node/inst/inst_si_handler/gen_si_handler.gen_request_fifos.gen_req_fifo[1].inst_req_fifo/gen_xpm_memory_fifo.inst_fifo/gen_mem_rep[0].inst_xpm_memory/xpm_memory_base_inst with a P_MEMORY_PRIMITIVE property set to distributed. A value of block is required. You will not be able to use the updatemem program to update the bitstream with new data for the top_i/smartconnect_0/inst/m00_nodes/m00_w_node/inst/inst_si_handler/gen_si_handler.gen_request_fifos.gen_req_fifo[1].inst_req_fifo/gen_xpm_memory_fifo.inst_fifo/gen_mem_rep[0].inst_xpm_memory/xpm_memory_base_inst block.
INFO: [Memdata 28-167] Found XPM memory block top_i/smartconnect_0/inst/m00_nodes/m00_w_node/inst/inst_si_handler/gen_si_handler.gen_request_fifos.gen_req_fifo[0].inst_req_fifo/gen_xpm_memory_fifo.inst_fifo/gen_mem_rep[0].inst_xpm_memory/xpm_memory_base_inst with a P_MEMORY_PRIMITIVE property set to distributed. A value of block is required. You will not be able to use the updatemem program to update the bitstream with new data for the top_i/smartconnect_0/inst/m00_nodes/m00_w_node/inst/inst_si_handler/gen_si_handler.gen_request_fifos.gen_req_fifo[0].inst_req_fifo/gen_xpm_memory_fifo.inst_fifo/gen_mem_rep[0].inst_xpm_memory/xpm_memory_base_inst block.
INFO: [Memdata 28-167] Found XPM memory block top_i/smartconnect_0/inst/m00_nodes/m00_w_node/inst/inst_mi_handler/gen_normal_area.inst_fifo_node_payld/gen_xpm_memory_fifo.inst_fifo/gen_mem_rep[0].inst_xpm_memory/xpm_memory_base_inst with a P_MEMORY_PRIMITIVE property set to distributed. A value of block is required. You will not be able to use the updatemem program to update the bitstream with new data for the top_i/smartconnect_0/inst/m00_nodes/m00_w_node/inst/inst_mi_handler/gen_normal_area.inst_fifo_node_payld/gen_xpm_memory_fifo.inst_fifo/gen_mem_rep[0].inst_xpm_memory/xpm_memory_base_inst block.
INFO: [Memdata 28-167] Found XPM memory block top_i/smartconnect_0/inst/m00_nodes/m00_r_node/inst/inst_mi_handler/gen_normal_area.inst_fifo_node_payld/gen_xpm_memory_fifo.inst_fifo/gen_mem_rep[0].inst_xpm_memory/xpm_memory_base_inst with a P_MEMORY_PRIMITIVE property set to distributed. A value of block is required. You will not be able to use the updatemem program to update the bitstream with new data for the top_i/smartconnect_0/inst/m00_nodes/m00_r_node/inst/inst_mi_handler/gen_normal_area.inst_fifo_node_payld/gen_xpm_memory_fifo.inst_fifo/gen_mem_rep[0].inst_xpm_memory/xpm_memory_base_inst block.
INFO: [Memdata 28-167] Found XPM memory block top_i/smartconnect_0/inst/m00_nodes/m00_r_node/inst/inst_mi_handler/gen_normal_area.gen_fifo_req.inst_fifo_req/gen_xpm_memory_fifo.inst_fifo/gen_mem_rep[0].inst_xpm_memory/xpm_memory_base_inst with a P_MEMORY_PRIMITIVE property set to distributed. A value of block is required. You will not be able to use the updatemem program to update the bitstream with new data for the top_i/smartconnect_0/inst/m00_nodes/m00_r_node/inst/inst_mi_handler/gen_normal_area.gen_fifo_req.inst_fifo_req/gen_xpm_memory_fifo.inst_fifo/gen_mem_rep[0].inst_xpm_memory/xpm_memory_base_inst block.
INFO: [Memdata 28-167] Found XPM memory block top_i/smartconnect_0/inst/m00_nodes/m00_b_node/inst/inst_mi_handler/gen_normal_area.gen_fifo_req.inst_fifo_req/gen_xpm_memory_fifo.inst_fifo/gen_mem_rep[0].inst_xpm_memory/xpm_memory_base_inst with a P_MEMORY_PRIMITIVE property set to distributed. A value of block is required. You will not be able to use the updatemem program to update the bitstream with new data for the top_i/smartconnect_0/inst/m00_nodes/m00_b_node/inst/inst_mi_handler/gen_normal_area.gen_fifo_req.inst_fifo_req/gen_xpm_memory_fifo.inst_fifo/gen_mem_rep[0].inst_xpm_memory/xpm_memory_base_inst block.
INFO: [Memdata 28-167] Found XPM memory block top_i/smartconnect_0/inst/m00_nodes/m00_aw_node/inst/inst_mi_handler/gen_normal_area.inst_fifo_node_payld/gen_xpm_memory_fifo.inst_fifo/gen_mem_rep[0].inst_xpm_memory/xpm_memory_base_inst with a P_MEMORY_PRIMITIVE property set to distributed. A value of block is required. You will not be able to use the updatemem program to update the bitstream with new data for the top_i/smartconnect_0/inst/m00_nodes/m00_aw_node/inst/inst_mi_handler/gen_normal_area.inst_fifo_node_payld/gen_xpm_memory_fifo.inst_fifo/gen_mem_rep[0].inst_xpm_memory/xpm_memory_base_inst block.
INFO: [Memdata 28-167] Found XPM memory block top_i/smartconnect_0/inst/m00_nodes/m00_ar_node/inst/inst_mi_handler/gen_normal_area.inst_fifo_node_payld/gen_xpm_memory_fifo.inst_fifo/gen_mem_rep[0].inst_xpm_memory/xpm_memory_base_inst with a P_MEMORY_PRIMITIVE property set to distributed. A value of block is required. You will not be able to use the updatemem program to update the bitstream with new data for the top_i/smartconnect_0/inst/m00_nodes/m00_ar_node/inst/inst_mi_handler/gen_normal_area.inst_fifo_node_payld/gen_xpm_memory_fifo.inst_fifo/gen_mem_rep[0].inst_xpm_memory/xpm_memory_base_inst block.
Command: write_bitstream -force top_wrapper.bit
Attempting to get a license for feature 'Implementation' and/or device 'xc7z020'
INFO: [Common 17-349] Got license for feature 'Implementation' and/or device 'xc7z020'
Running DRC as a precondition to command write_bitstream
INFO: [IP_Flow 19-1839] IP Catalog is up to date.
INFO: [DRC 23-27] Running DRC with 6 threads
INFO: [Vivado 12-3199] DRC finished with 0 Errors
INFO: [Vivado 12-3200] Please refer to the DRC report (report_drc) for more information.
INFO: [Designutils 20-2272] Running write_bitstream with 6 threads.
Loading data files...
Loading site data...
Loading route data...
Processing options...
Creating bitmap...
Creating bitstream...
Writing bitstream ./top_wrapper.bit...
INFO: [Vivado 12-1842] Bitgen Completed Successfully.
INFO: [Common 17-83] Releasing license: Implementation
44 Infos, 0 Warnings, 0 Critical Warnings and 0 Errors encountered.
write_bitstream completed successfully
write_bitstream: Time (s): cpu = 00:00:26 ; elapsed = 00:00:14 . Memory (MB): peak = 4066.047 ; gain = 246.082 ; free physical = 2435 ; free virtual = 7062
INFO: [Common 17-206] Exiting Vivado at Fri Jan 17 22:27:00 2025...
