
*** Running vivado
    with args -log top_wrapper.vdi -applog -m64 -product Vivado -messageDb vivado.pb -mode batch -source top_wrapper.tcl -notrace


****** Vivado v2022.2.2 (64-bit)
  **** SW Build 3788238 on Tue Feb 21 19:59:23 MST 2023
  **** IP Build 3783773 on Tue Feb 21 23:41:56 MST 2023
    ** Copyright 1986-2023 Xilinx, Inc. All Rights Reserved.

source top_wrapper.tcl -notrace
INFO: [IP_Flow 19-234] Refreshing IP repositories
INFO: [IP_Flow 19-1700] Loaded user IP repository '/tmp/finn_dev_shakeelarkam00/code_gen_ipgen_StreamingDataflowPartition_0_IODMA_0___lp_qn4/project_StreamingDataflowPartition_0_IODMA_0/sol1/impl/ip'.
INFO: [IP_Flow 19-1700] Loaded user IP repository '/tmp/finn_dev_shakeelarkam00/vivado_stitch_proj_2nqq9u_c/ip'.
INFO: [IP_Flow 19-1700] Loaded user IP repository '/tmp/finn_dev_shakeelarkam00/code_gen_ipgen_StreamingFIFO_0_ihr32sct/project_StreamingFIFO_0/sol1/impl/verilog'.
INFO: [IP_Flow 19-1700] Loaded user IP repository '/tmp/finn_dev_shakeelarkam00/code_gen_ipgen_Thresholding_Batch_0_abdqyxnq/project_Thresholding_Batch_0/sol1/impl/ip'.
INFO: [IP_Flow 19-1700] Loaded user IP repository '/tmp/finn_dev_shakeelarkam00/code_gen_ipgen_StreamingFIFO_1_yj1iurmf/project_StreamingFIFO_1/sol1/impl/verilog'.
INFO: [IP_Flow 19-1700] Loaded user IP repository '/tmp/finn_dev_shakeelarkam00/code_gen_ipgen_StreamingDataWidthConverter_Batch_0_yw5761x1'.
INFO: [IP_Flow 19-1700] Loaded user IP repository '/tmp/finn_dev_shakeelarkam00/code_gen_ipgen_StreamingFIFO_2_3ulcb1k1/project_StreamingFIFO_2/sol1/impl/verilog'.
INFO: [IP_Flow 19-1700] Loaded user IP repository '/tmp/finn_dev_shakeelarkam00/code_gen_ipgen_MatrixVectorActivation_0_00ongy8j/project_MatrixVectorActivation_0/sol1/impl/ip'.
INFO: [IP_Flow 19-1700] Loaded user IP repository '/tmp/finn_dev_shakeelarkam00/code_gen_ipgen_StreamingDataWidthConverter_Batch_1_bdcb2rtx/project_StreamingDataWidthConverter_Batch_1/sol1/impl/ip'.
INFO: [IP_Flow 19-1700] Loaded user IP repository '/tmp/finn_dev_shakeelarkam00/code_gen_ipgen_MatrixVectorActivation_1_fsmb71b6/project_MatrixVectorActivation_1/sol1/impl/ip'.
INFO: [IP_Flow 19-1700] Loaded user IP repository '/tmp/finn_dev_shakeelarkam00/code_gen_ipgen_StreamingDataWidthConverter_Batch_2_t4zz2qmx/project_StreamingDataWidthConverter_Batch_2/sol1/impl/ip'.
INFO: [IP_Flow 19-1700] Loaded user IP repository '/tmp/finn_dev_shakeelarkam00/code_gen_ipgen_MatrixVectorActivation_2_cvwsalgt/project_MatrixVectorActivation_2/sol1/impl/ip'.
INFO: [IP_Flow 19-1700] Loaded user IP repository '/tmp/finn_dev_shakeelarkam00/code_gen_ipgen_StreamingDataWidthConverter_Batch_3_z24w7r5v/project_StreamingDataWidthConverter_Batch_3/sol1/impl/ip'.
INFO: [IP_Flow 19-1700] Loaded user IP repository '/tmp/finn_dev_shakeelarkam00/code_gen_ipgen_MatrixVectorActivation_3_ct64396y/project_MatrixVectorActivation_3/sol1/impl/ip'.
INFO: [IP_Flow 19-1700] Loaded user IP repository '/tmp/finn_dev_shakeelarkam00/vivado_stitch_proj_3v6wjj1p/ip'.
INFO: [IP_Flow 19-1700] Loaded user IP repository '/opt/dpfl/finn/finn-rtllib/memstream'.
INFO: [IP_Flow 19-1700] Loaded user IP repository '/tmp/finn_dev_shakeelarkam00/code_gen_ipgen_StreamingDataflowPartition_2_IODMA_0_cwk37oy1/project_StreamingDataflowPartition_2_IODMA_0/sol1/impl/ip'.
INFO: [IP_Flow 19-1700] Loaded user IP repository '/tmp/finn_dev_shakeelarkam00/vivado_stitch_proj_rlqohyob/ip'.
INFO: [IP_Flow 19-2313] Loaded Vivado IP repository '/tools/Xilinx/Vivado/2022.2/data/ip'.
Command: link_design -top top_wrapper -part xc7z020clg400-1
Design is defaulting to srcset: sources_1
Design is defaulting to constrset: constrs_1
INFO: [Device 21-403] Loading part xc7z020clg400-1
INFO: [Project 1-454] Reading design checkpoint '/tmp/finn_dev_shakeelarkam00/vivado_zynq_proj_rmb6chll/finn_zynq_link.gen/sources_1/bd/top/ip/top_StreamingDataflowPartition_1_0/top_StreamingDataflowPartition_1_0.dcp' for cell 'top_i/StreamingDataflowPartition_1'
INFO: [Project 1-454] Reading design checkpoint '/tmp/finn_dev_shakeelarkam00/vivado_zynq_proj_rmb6chll/finn_zynq_link.gen/sources_1/bd/top/ip/top_idma0_0/top_idma0_0.dcp' for cell 'top_i/idma0'
INFO: [Project 1-454] Reading design checkpoint '/tmp/finn_dev_shakeelarkam00/vivado_zynq_proj_rmb6chll/finn_zynq_link.gen/sources_1/bd/top/ip/top_odma0_0/top_odma0_0.dcp' for cell 'top_i/odma0'
INFO: [Project 1-454] Reading design checkpoint '/tmp/finn_dev_shakeelarkam00/vivado_zynq_proj_rmb6chll/finn_zynq_link.gen/sources_1/bd/top/ip/top_rst_zynq_ps_100M_0/top_rst_zynq_ps_100M_0.dcp' for cell 'top_i/rst_zynq_ps_100M'
INFO: [Project 1-454] Reading design checkpoint '/tmp/finn_dev_shakeelarkam00/vivado_zynq_proj_rmb6chll/finn_zynq_link.gen/sources_1/bd/top/ip/top_smartconnect_0_0/top_smartconnect_0_0.dcp' for cell 'top_i/smartconnect_0'
INFO: [Project 1-454] Reading design checkpoint '/tmp/finn_dev_shakeelarkam00/vivado_zynq_proj_rmb6chll/finn_zynq_link.gen/sources_1/bd/top/ip/top_zynq_ps_0/top_zynq_ps_0.dcp' for cell 'top_i/zynq_ps'
INFO: [Project 1-454] Reading design checkpoint '/tmp/finn_dev_shakeelarkam00/vivado_zynq_proj_rmb6chll/finn_zynq_link.gen/sources_1/bd/top/ip/top_xbar_0/top_xbar_0.dcp' for cell 'top_i/axi_interconnect_0/xbar'
INFO: [Project 1-454] Reading design checkpoint '/tmp/finn_dev_shakeelarkam00/vivado_zynq_proj_rmb6chll/finn_zynq_link.gen/sources_1/bd/top/ip/top_auto_pc_0/top_auto_pc_0.dcp' for cell 'top_i/axi_interconnect_0/s00_couplers/auto_pc'
Netlist sorting complete. Time (s): cpu = 00:00:00.24 ; elapsed = 00:00:00.24 . Memory (MB): peak = 2362.484 ; gain = 0.000 ; free physical = 3643 ; free virtual = 8166
INFO: [Netlist 29-17] Analyzing 973 Unisim elements for replacement
INFO: [Netlist 29-28] Unisim Transformation completed in 0 CPU seconds
INFO: [Project 1-479] Netlist was created with Vivado 2022.2.2
INFO: [Project 1-570] Preparing netlist for logic optimization
Parsing XDC File [/tmp/finn_dev_shakeelarkam00/vivado_zynq_proj_rmb6chll/finn_zynq_link.gen/sources_1/bd/top/ip/top_zynq_ps_0/top_zynq_ps_0.xdc] for cell 'top_i/zynq_ps/inst'
Finished Parsing XDC File [/tmp/finn_dev_shakeelarkam00/vivado_zynq_proj_rmb6chll/finn_zynq_link.gen/sources_1/bd/top/ip/top_zynq_ps_0/top_zynq_ps_0.xdc] for cell 'top_i/zynq_ps/inst'
Parsing XDC File [/tmp/finn_dev_shakeelarkam00/vivado_zynq_proj_rmb6chll/finn_zynq_link.gen/sources_1/bd/top/ip/top_smartconnect_0_0/bd_0/ip/ip_1/bd_acc6_psr_aclk_0_board.xdc] for cell 'top_i/smartconnect_0/inst/clk_map/psr_aclk/U0'
Finished Parsing XDC File [/tmp/finn_dev_shakeelarkam00/vivado_zynq_proj_rmb6chll/finn_zynq_link.gen/sources_1/bd/top/ip/top_smartconnect_0_0/bd_0/ip/ip_1/bd_acc6_psr_aclk_0_board.xdc] for cell 'top_i/smartconnect_0/inst/clk_map/psr_aclk/U0'
Parsing XDC File [/tmp/finn_dev_shakeelarkam00/vivado_zynq_proj_rmb6chll/finn_zynq_link.gen/sources_1/bd/top/ip/top_smartconnect_0_0/bd_0/ip/ip_1/bd_acc6_psr_aclk_0.xdc] for cell 'top_i/smartconnect_0/inst/clk_map/psr_aclk/U0'
Finished Parsing XDC File [/tmp/finn_dev_shakeelarkam00/vivado_zynq_proj_rmb6chll/finn_zynq_link.gen/sources_1/bd/top/ip/top_smartconnect_0_0/bd_0/ip/ip_1/bd_acc6_psr_aclk_0.xdc] for cell 'top_i/smartconnect_0/inst/clk_map/psr_aclk/U0'
Parsing XDC File [/tmp/finn_dev_shakeelarkam00/vivado_zynq_proj_rmb6chll/finn_zynq_link.gen/sources_1/bd/top/ip/top_rst_zynq_ps_100M_0/top_rst_zynq_ps_100M_0_board.xdc] for cell 'top_i/rst_zynq_ps_100M/U0'
Finished Parsing XDC File [/tmp/finn_dev_shakeelarkam00/vivado_zynq_proj_rmb6chll/finn_zynq_link.gen/sources_1/bd/top/ip/top_rst_zynq_ps_100M_0/top_rst_zynq_ps_100M_0_board.xdc] for cell 'top_i/rst_zynq_ps_100M/U0'
Parsing XDC File [/tmp/finn_dev_shakeelarkam00/vivado_zynq_proj_rmb6chll/finn_zynq_link.gen/sources_1/bd/top/ip/top_rst_zynq_ps_100M_0/top_rst_zynq_ps_100M_0.xdc] for cell 'top_i/rst_zynq_ps_100M/U0'
Finished Parsing XDC File [/tmp/finn_dev_shakeelarkam00/vivado_zynq_proj_rmb6chll/finn_zynq_link.gen/sources_1/bd/top/ip/top_rst_zynq_ps_100M_0/top_rst_zynq_ps_100M_0.xdc] for cell 'top_i/rst_zynq_ps_100M/U0'
INFO: [Project 1-1714] 58 XPM XDC files have been applied to the design.
INFO: [Opt 31-138] Pushed 0 inverter(s) to 0 load pin(s).
Netlist sorting complete. Time (s): cpu = 00:00:00 ; elapsed = 00:00:00.01 . Memory (MB): peak = 2700.723 ; gain = 0.000 ; free physical = 3486 ; free virtual = 8009
INFO: [Project 1-111] Unisim Transformation Summary:
  A total of 183 instances were transformed.
  RAM16X1D => RAM32X1D (RAMD32(x2)): 2 instances
  RAM32M => RAM32M (RAMD32(x6), RAMS32(x2)): 179 instances
  RAM32X1D => RAM32X1D (RAMD32(x2)): 2 instances

36 Infos, 0 Warnings, 0 Critical Warnings and 0 Errors encountered.
link_design completed successfully
link_design: Time (s): cpu = 00:00:11 ; elapsed = 00:00:12 . Memory (MB): peak = 2700.723 ; gain = 730.410 ; free physical = 3486 ; free virtual = 8009
Command: opt_design -directive Explore
INFO: [Vivado_Tcl 4-136] Directive used for opt_design is: Explore
Attempting to get a license for feature 'Implementation' and/or device 'xc7z020'
INFO: [Common 17-349] Got license for feature 'Implementation' and/or device 'xc7z020'
Running DRC as a precondition to command opt_design

Starting DRC Task
INFO: [DRC 23-27] Running DRC with 6 threads
INFO: [Project 1-461] DRC finished with 0 Errors
INFO: [Project 1-462] Please refer to the DRC report (report_drc) for more information.

Time (s): cpu = 00:00:01 ; elapsed = 00:00:00.5 . Memory (MB): peak = 2700.723 ; gain = 0.000 ; free physical = 3470 ; free virtual = 7996

Starting Logic Optimization Task
INFO: [Timing 38-35] Done setting XDC timing constraints.

Phase 1 Retarget
INFO: [Opt 31-1287] Pulled Inverter top_i/StreamingDataflowPartition_1/inst/StreamingDataflowPartition_1_MatrixVectorActivation_1/StreamingDataflowPartition_1_MatrixVectorActivation_1/inst/grp_Matrix_Vector_Activate_Stream_Batch_fu_62/flow_control_loop_pipe_sequential_init_U/icmp_ln249_reg_3674[0]_i_1 into driver instance top_i/StreamingDataflowPartition_1/inst/StreamingDataflowPartition_1_MatrixVectorActivation_1/StreamingDataflowPartition_1_MatrixVectorActivation_1/inst/grp_Matrix_Vector_Activate_Stream_Batch_fu_62/flow_control_loop_pipe_sequential_init_U/ap_CS_iter1_fsm[1]_i_2, which resulted in an inversion of 6 pins
INFO: [Opt 31-1287] Pulled Inverter top_i/StreamingDataflowPartition_1/inst/StreamingDataflowPartition_1_MatrixVectorActivation_1/StreamingDataflowPartition_1_MatrixVectorActivation_1/inst/grp_Matrix_Vector_Activate_Stream_Batch_fu_62/flow_control_loop_pipe_sequential_init_U/icmp_ln290_reg_3866[0]_i_1 into driver instance top_i/StreamingDataflowPartition_1/inst/StreamingDataflowPartition_1_MatrixVectorActivation_1/StreamingDataflowPartition_1_MatrixVectorActivation_1/inst/grp_Matrix_Vector_Activate_Stream_Batch_fu_62/flow_control_loop_pipe_sequential_init_U/B_V_data_1_state[1]_i_2, which resulted in an inversion of 7 pins
INFO: [Opt 31-1287] Pulled Inverter top_i/StreamingDataflowPartition_1/inst/StreamingDataflowPartition_1_MatrixVectorActivation_2/StreamingDataflowPartition_1_MatrixVectorActivation_2/inst/grp_Matrix_Vector_Activate_Stream_Batch_fu_62/flow_control_loop_pipe_sequential_init_U/icmp_ln249_reg_3674[0]_i_1 into driver instance top_i/StreamingDataflowPartition_1/inst/StreamingDataflowPartition_1_MatrixVectorActivation_2/StreamingDataflowPartition_1_MatrixVectorActivation_2/inst/grp_Matrix_Vector_Activate_Stream_Batch_fu_62/flow_control_loop_pipe_sequential_init_U/ap_CS_iter1_fsm[1]_i_2, which resulted in an inversion of 6 pins
INFO: [Opt 31-1287] Pulled Inverter top_i/StreamingDataflowPartition_1/inst/StreamingDataflowPartition_1_MatrixVectorActivation_2/StreamingDataflowPartition_1_MatrixVectorActivation_2/inst/grp_Matrix_Vector_Activate_Stream_Batch_fu_62/flow_control_loop_pipe_sequential_init_U/icmp_ln290_reg_3866[0]_i_1 into driver instance top_i/StreamingDataflowPartition_1/inst/StreamingDataflowPartition_1_MatrixVectorActivation_2/StreamingDataflowPartition_1_MatrixVectorActivation_2/inst/grp_Matrix_Vector_Activate_Stream_Batch_fu_62/flow_control_loop_pipe_sequential_init_U/B_V_data_1_state[1]_i_2, which resulted in an inversion of 7 pins
INFO: [Opt 31-1287] Pulled Inverter top_i/StreamingDataflowPartition_1/inst/StreamingDataflowPartition_1_StreamingDataWidthConverter_Batch_1/inst/flow_control_loop_pipe_no_ap_cont_U/icmp_ln453_reg_216[0]_i_1 into driver instance top_i/StreamingDataflowPartition_1/inst/StreamingDataflowPartition_1_StreamingDataWidthConverter_Batch_1/inst/flow_control_loop_pipe_no_ap_cont_U/t_fu_64[4]_i_3, which resulted in an inversion of 5 pins
INFO: [Opt 31-1287] Pulled Inverter top_i/StreamingDataflowPartition_1/inst/StreamingDataflowPartition_1_StreamingDataWidthConverter_Batch_1/inst/regslice_both_out_V_U/ap_phi_reg_pp0_iter1_ei_V_3_reg_81[15]_i_1 into driver instance top_i/StreamingDataflowPartition_1/inst/StreamingDataflowPartition_1_StreamingDataWidthConverter_Batch_1/inst/regslice_both_out_V_U/ap_phi_reg_pp0_iter1_ei_V_3_reg_81[15]_i_3, which resulted in an inversion of 3 pins
INFO: [Opt 31-1287] Pulled Inverter top_i/StreamingDataflowPartition_1/inst/StreamingDataflowPartition_1_StreamingDataWidthConverter_Batch_2/inst/flow_control_loop_pipe_no_ap_cont_U/icmp_ln453_reg_216[0]_i_1 into driver instance top_i/StreamingDataflowPartition_1/inst/StreamingDataflowPartition_1_StreamingDataWidthConverter_Batch_2/inst/flow_control_loop_pipe_no_ap_cont_U/t_fu_64[4]_i_3, which resulted in an inversion of 5 pins
INFO: [Opt 31-1287] Pulled Inverter top_i/StreamingDataflowPartition_1/inst/StreamingDataflowPartition_1_StreamingDataWidthConverter_Batch_2/inst/regslice_both_out_V_U/ap_phi_reg_pp0_iter1_ei_V_3_reg_81[15]_i_1 into driver instance top_i/StreamingDataflowPartition_1/inst/StreamingDataflowPartition_1_StreamingDataWidthConverter_Batch_2/inst/regslice_both_out_V_U/ap_phi_reg_pp0_iter1_ei_V_3_reg_81[15]_i_3, which resulted in an inversion of 3 pins
INFO: [Opt 31-1287] Pulled Inverter top_i/StreamingDataflowPartition_1/inst/StreamingDataflowPartition_1_StreamingDataWidthConverter_Batch_3/inst/flow_control_loop_pipe_no_ap_cont_U/icmp_ln453_reg_216[0]_i_1 into driver instance top_i/StreamingDataflowPartition_1/inst/StreamingDataflowPartition_1_StreamingDataWidthConverter_Batch_3/inst/flow_control_loop_pipe_no_ap_cont_U/t_fu_64[4]_i_3, which resulted in an inversion of 5 pins
INFO: [Opt 31-1287] Pulled Inverter top_i/StreamingDataflowPartition_1/inst/StreamingDataflowPartition_1_StreamingDataWidthConverter_Batch_3/inst/regslice_both_out_V_U/ap_phi_reg_pp0_iter1_ei_V_3_reg_81[15]_i_1 into driver instance top_i/StreamingDataflowPartition_1/inst/StreamingDataflowPartition_1_StreamingDataWidthConverter_Batch_3/inst/regslice_both_out_V_U/ap_phi_reg_pp0_iter1_ei_V_3_reg_81[15]_i_3, which resulted in an inversion of 3 pins
INFO: [Opt 31-1287] Pulled Inverter top_i/odma0/inst/StreamingDataflowPartition_2_IODMA_0/inst/Stream2Mem_Batch_16u_10u_U0/grp_Stream2Mem_Batch_16u_10u_Pipeline_VITIS_LOOP_153_1_fu_100/mem_reg_i_1 into driver instance top_i/odma0/inst/StreamingDataflowPartition_2_IODMA_0/inst/Stream2Mem_Batch_16u_10u_U0/grp_Stream2Mem_Batch_16u_10u_Pipeline_VITIS_LOOP_153_1_fu_100/mem_reg_i_19, which resulted in an inversion of 5 pins
INFO: [Opt 31-1287] Pulled Inverter top_i/odma0/inst/StreamingDataflowPartition_2_IODMA_0/inst/StreamingDataWidthConverter_Batch_80u_16u_1u_U0/grp_StreamingDataWidthConverter_Batch_80u_16u_1u_Pipeline_VITIS_LOOP_450_1_fu_56/flow_control_loop_pipe_sequential_init_U/icmp_ln450_reg_204[0]_i_1 into driver instance top_i/odma0/inst/StreamingDataflowPartition_2_IODMA_0/inst/StreamingDataWidthConverter_Batch_80u_16u_1u_U0/grp_StreamingDataWidthConverter_Batch_80u_16u_1u_Pipeline_VITIS_LOOP_450_1_fu_56/flow_control_loop_pipe_sequential_init_U/icmp_ln450_reg_204[0]_i_2, which resulted in an inversion of 9 pins
INFO: [Opt 31-138] Pushed 24 inverter(s) to 135 load pin(s).
INFO: [Opt 31-49] Retargeted 0 cell(s).
Phase 1 Retarget | Checksum: db4faae6

Time (s): cpu = 00:00:07 ; elapsed = 00:00:06 . Memory (MB): peak = 3351.020 ; gain = 457.867 ; free physical = 2863 ; free virtual = 7389
INFO: [Opt 31-389] Phase Retarget created 317 cells and removed 376 cells
INFO: [Opt 31-1021] In phase Retarget, 45 netlist objects are constrained preventing optimization. Please run opt_design with -debug_log to get more detail. 

Phase 2 Constant propagation
INFO: [Opt 31-138] Pushed 7 inverter(s) to 27 load pin(s).
Phase 2 Constant propagation | Checksum: 1903c5a4b

Time (s): cpu = 00:00:07 ; elapsed = 00:00:06 . Memory (MB): peak = 3351.020 ; gain = 457.867 ; free physical = 2862 ; free virtual = 7389
INFO: [Opt 31-389] Phase Constant propagation created 328 cells and removed 3341 cells
INFO: [Opt 31-1021] In phase Constant propagation, 60 netlist objects are constrained preventing optimization. Please run opt_design with -debug_log to get more detail. 

Phase 3 Sweep
Phase 3 Sweep | Checksum: 12ebc9784

Time (s): cpu = 00:00:08 ; elapsed = 00:00:07 . Memory (MB): peak = 3351.020 ; gain = 457.867 ; free physical = 2857 ; free virtual = 7384
INFO: [Opt 31-389] Phase Sweep created 0 cells and removed 1228 cells
INFO: [Opt 31-1021] In phase Sweep, 75 netlist objects are constrained preventing optimization. Please run opt_design with -debug_log to get more detail. 

Phase 4 BUFG optimization
Phase 4 BUFG optimization | Checksum: 12ebc9784

Time (s): cpu = 00:00:08 ; elapsed = 00:00:07 . Memory (MB): peak = 3383.035 ; gain = 489.883 ; free physical = 2857 ; free virtual = 7384
INFO: [Opt 31-662] Phase BUFG optimization created 0 cells of which 0 are BUFGs and removed 0 cells.

Phase 5 Shift Register Optimization
INFO: [Opt 31-1064] SRL Remap converted 0 SRLs to 0 registers and converted 0 registers of register chains to 0 SRLs
Phase 5 Shift Register Optimization | Checksum: 12ebc9784

Time (s): cpu = 00:00:08 ; elapsed = 00:00:07 . Memory (MB): peak = 3383.035 ; gain = 489.883 ; free physical = 2857 ; free virtual = 7384
INFO: [Opt 31-389] Phase Shift Register Optimization created 0 cells and removed 0 cells
INFO: [Opt 31-1555] control_set_opt supports Versal devices only, and device 7z020 is unsupported

Phase 6 Post Processing Netlist
INFO: [Opt 31-1287] Pulled Inverter top_i/smartconnect_0/inst/s00_entry_pipeline/s00_si_converter/inst/converter.wrap_narrow_inst/gen_thread_loop[0].r_cmd_fifo/gen_srls[3].srl_nx1/skid_buffer[1128]_i_1__0 into driver instance top_i/smartconnect_0/inst/s00_entry_pipeline/s00_si_converter/inst/converter.wrap_narrow_inst/gen_thread_loop[0].r_cmd_fifo/gen_srls[3].srl_nx1/skid_buffer[1128]_i_2, which resulted in an inversion of 4 pins
Phase 6 Post Processing Netlist | Checksum: 10f8395ba

Time (s): cpu = 00:00:08 ; elapsed = 00:00:07 . Memory (MB): peak = 3383.035 ; gain = 489.883 ; free physical = 2857 ; free virtual = 7384
INFO: [Opt 31-389] Phase Post Processing Netlist created 0 cells and removed 1 cells
INFO: [Opt 31-1021] In phase Post Processing Netlist, 45 netlist objects are constrained preventing optimization. Please run opt_design with -debug_log to get more detail. 
Opt_design Change Summary
=========================


-------------------------------------------------------------------------------------------------------------------------
|  Phase                        |  #Cells created  |  #Cells Removed  |  #Constrained objects preventing optimizations  |
-------------------------------------------------------------------------------------------------------------------------
|  Retarget                     |             317  |             376  |                                             45  |
|  Constant propagation         |             328  |            3341  |                                             60  |
|  Sweep                        |               0  |            1228  |                                             75  |
|  BUFG optimization            |               0  |               0  |                                              0  |
|  Shift Register Optimization  |               0  |               0  |                                              0  |
|  Post Processing Netlist      |               0  |               1  |                                             45  |
-------------------------------------------------------------------------------------------------------------------------



Starting Connectivity Check Task

Time (s): cpu = 00:00:00.03 ; elapsed = 00:00:00.03 . Memory (MB): peak = 3383.035 ; gain = 0.000 ; free physical = 2857 ; free virtual = 7384
Ending Logic Optimization Task | Checksum: 1bc927a3c

Time (s): cpu = 00:00:09 ; elapsed = 00:00:07 . Memory (MB): peak = 3383.035 ; gain = 489.883 ; free physical = 2857 ; free virtual = 7384

Starting Netlist Obfuscation Task
Netlist sorting complete. Time (s): cpu = 00:00:00 ; elapsed = 00:00:00 . Memory (MB): peak = 3383.035 ; gain = 0.000 ; free physical = 2857 ; free virtual = 7384
Ending Netlist Obfuscation Task | Checksum: 1bc927a3c

Time (s): cpu = 00:00:00 ; elapsed = 00:00:00 . Memory (MB): peak = 3383.035 ; gain = 0.000 ; free physical = 2857 ; free virtual = 7384
INFO: [Common 17-83] Releasing license: Implementation
71 Infos, 0 Warnings, 0 Critical Warnings and 0 Errors encountered.
opt_design completed successfully
opt_design: Time (s): cpu = 00:00:11 ; elapsed = 00:00:09 . Memory (MB): peak = 3383.035 ; gain = 682.312 ; free physical = 2857 ; free virtual = 7384
INFO: [Timing 38-480] Writing timing data to binary archive.
Writing XDEF routing.
Writing XDEF routing logical nets.
Writing XDEF routing special nets.
Write XDEF Complete: Time (s): cpu = 00:00:00.2 ; elapsed = 00:00:00.05 . Memory (MB): peak = 3391.039 ; gain = 0.000 ; free physical = 2841 ; free virtual = 7371
INFO: [Common 17-1381] The checkpoint '/tmp/finn_dev_shakeelarkam00/vivado_zynq_proj_rmb6chll/finn_zynq_link.runs/impl_1/top_wrapper_opt.dcp' has been generated.
INFO: [runtcl-4] Executing : report_drc -file top_wrapper_drc_opted.rpt -pb top_wrapper_drc_opted.pb -rpx top_wrapper_drc_opted.rpx
Command: report_drc -file top_wrapper_drc_opted.rpt -pb top_wrapper_drc_opted.pb -rpx top_wrapper_drc_opted.rpx
INFO: [IP_Flow 19-1839] IP Catalog is up to date.
INFO: [DRC 23-27] Running DRC with 6 threads
INFO: [Vivado_Tcl 2-168] The results of DRC are in file /tmp/finn_dev_shakeelarkam00/vivado_zynq_proj_rmb6chll/finn_zynq_link.runs/impl_1/top_wrapper_drc_opted.rpt.
report_drc completed successfully
Command: place_design -directive ExtraTimingOpt
Attempting to get a license for feature 'Implementation' and/or device 'xc7z020'
INFO: [Common 17-349] Got license for feature 'Implementation' and/or device 'xc7z020'
INFO: [DRC 23-27] Running DRC with 6 threads
INFO: [Vivado_Tcl 4-198] DRC finished with 0 Errors
INFO: [Vivado_Tcl 4-199] Please refer to the DRC report (report_drc) for more information.
Running DRC as a precondition to command place_design
INFO: [DRC 23-27] Running DRC with 6 threads
INFO: [Vivado_Tcl 4-198] DRC finished with 0 Errors
INFO: [Vivado_Tcl 4-199] Please refer to the DRC report (report_drc) for more information.

Starting Placer Task
INFO: [Place 46-5] The placer was invoked with the 'ExtraTimingOpt' directive.
INFO: [Place 30-611] Multithreading enabled for place_design using a maximum of 6 CPUs

Phase 1 Placer Initialization

Phase 1.1 Placer Initialization Netlist Sorting
Netlist sorting complete. Time (s): cpu = 00:00:00 ; elapsed = 00:00:00 . Memory (MB): peak = 3487.086 ; gain = 0.000 ; free physical = 2812 ; free virtual = 7340
Phase 1.1 Placer Initialization Netlist Sorting | Checksum: f200002b

Time (s): cpu = 00:00:00.01 ; elapsed = 00:00:00.02 . Memory (MB): peak = 3487.086 ; gain = 0.000 ; free physical = 2812 ; free virtual = 7340
Netlist sorting complete. Time (s): cpu = 00:00:00 ; elapsed = 00:00:00.01 . Memory (MB): peak = 3487.086 ; gain = 0.000 ; free physical = 2812 ; free virtual = 7340

Phase 1.2 IO Placement/ Clock Placement/ Build Placer Device
INFO: [Timing 38-35] Done setting XDC timing constraints.
Phase 1.2 IO Placement/ Clock Placement/ Build Placer Device | Checksum: 66f3fd70

Time (s): cpu = 00:00:03 ; elapsed = 00:00:01 . Memory (MB): peak = 3487.086 ; gain = 0.000 ; free physical = 2788 ; free virtual = 7317

Phase 1.3 Build Placer Netlist Model
Phase 1.3 Build Placer Netlist Model | Checksum: 813a0374

Time (s): cpu = 00:00:08 ; elapsed = 00:00:04 . Memory (MB): peak = 3487.086 ; gain = 0.000 ; free physical = 2757 ; free virtual = 7288

Phase 1.4 Constrain Clocks/Macros
Phase 1.4 Constrain Clocks/Macros | Checksum: 813a0374

Time (s): cpu = 00:00:08 ; elapsed = 00:00:04 . Memory (MB): peak = 3487.086 ; gain = 0.000 ; free physical = 2757 ; free virtual = 7288
Phase 1 Placer Initialization | Checksum: 813a0374

Time (s): cpu = 00:00:09 ; elapsed = 00:00:04 . Memory (MB): peak = 3487.086 ; gain = 0.000 ; free physical = 2757 ; free virtual = 7288

Phase 2 Global Placement

Phase 2.1 Floorplanning
Phase 2.1 Floorplanning | Checksum: 68a350dd

Time (s): cpu = 00:00:11 ; elapsed = 00:00:05 . Memory (MB): peak = 3499.305 ; gain = 12.219 ; free physical = 2738 ; free virtual = 7269

Phase 2.2 Update Timing before SLR Path Opt
Phase 2.2 Update Timing before SLR Path Opt | Checksum: fb8df828

Time (s): cpu = 00:00:13 ; elapsed = 00:00:05 . Memory (MB): peak = 3499.305 ; gain = 12.219 ; free physical = 2734 ; free virtual = 7266

Phase 2.3 Post-Processing in Floorplanning
Phase 2.3 Post-Processing in Floorplanning | Checksum: fb8df828

Time (s): cpu = 00:00:13 ; elapsed = 00:00:05 . Memory (MB): peak = 3499.305 ; gain = 12.219 ; free physical = 2734 ; free virtual = 7266

Phase 2.4 Global Placement Core

Phase 2.4.1 UpdateTiming Before Physical Synthesis
Phase 2.4.1 UpdateTiming Before Physical Synthesis | Checksum: f922ab2d

Time (s): cpu = 00:00:35 ; elapsed = 00:00:12 . Memory (MB): peak = 3505.242 ; gain = 18.156 ; free physical = 2704 ; free virtual = 7236

Phase 2.4.2 Physical Synthesis In Placer
INFO: [Physopt 32-1035] Found 0 LUTNM shape to break, 632 LUT instances to create LUTNM shape
INFO: [Physopt 32-1044] Break lutnm for timing: one critical 0, two critical 0, total 0, new lutff created 0
INFO: [Physopt 32-1138] End 1 Pass. Optimized 272 nets or LUTs. Breaked 0 LUT, combined 272 existing LUTs and moved 0 existing LUT
INFO: [Physopt 32-65] No nets found for high-fanout optimization.
INFO: [Physopt 32-232] Optimized 0 net. Created 0 new instance.
INFO: [Physopt 32-775] End 1 Pass. Optimized 0 net or cell. Created 0 new cell, deleted 0 existing cell and moved 0 existing cell
INFO: [Physopt 32-670] No setup violation found.  DSP Register Optimization was not performed.
INFO: [Physopt 32-670] No setup violation found.  Shift Register to Pipeline Optimization was not performed.
INFO: [Physopt 32-670] No setup violation found.  Shift Register Optimization was not performed.
INFO: [Physopt 32-670] No setup violation found.  BRAM Register Optimization was not performed.
INFO: [Physopt 32-670] No setup violation found.  URAM Register Optimization was not performed.
INFO: [Physopt 32-949] No candidate nets found for dynamic/static region interface net replication
INFO: [Physopt 32-775] End 1 Pass. Optimized 0 net or cell. Created 0 new cell, deleted 0 existing cell and moved 0 existing cell
Netlist sorting complete. Time (s): cpu = 00:00:00.01 ; elapsed = 00:00:00 . Memory (MB): peak = 3505.242 ; gain = 0.000 ; free physical = 2700 ; free virtual = 7235

Summary of Physical Synthesis Optimizations
============================================


-----------------------------------------------------------------------------------------------------------------------------------------------------------
|  Optimization                                     |  Added Cells  |  Removed Cells  |  Optimized Cells/Nets  |  Dont Touch  |  Iterations  |  Elapsed   |
-----------------------------------------------------------------------------------------------------------------------------------------------------------
|  LUT Combining                                    |            0  |            272  |                   272  |           0  |           1  |  00:00:00  |
|  Retime                                           |            0  |              0  |                     0  |           0  |           1  |  00:00:00  |
|  Very High Fanout                                 |            0  |              0  |                     0  |           0  |           1  |  00:00:00  |
|  DSP Register                                     |            0  |              0  |                     0  |           0  |           0  |  00:00:00  |
|  Shift Register to Pipeline                       |            0  |              0  |                     0  |           0  |           0  |  00:00:00  |
|  Shift Register                                   |            0  |              0  |                     0  |           0  |           0  |  00:00:00  |
|  BRAM Register                                    |            0  |              0  |                     0  |           0  |           0  |  00:00:00  |
|  URAM Register                                    |            0  |              0  |                     0  |           0  |           0  |  00:00:00  |
|  Dynamic/Static Region Interface Net Replication  |            0  |              0  |                     0  |           0  |           1  |  00:00:00  |
|  Total                                            |            0  |            272  |                   272  |           0  |           4  |  00:00:00  |
-----------------------------------------------------------------------------------------------------------------------------------------------------------


Phase 2.4.2 Physical Synthesis In Placer | Checksum: 11431eeb6

Time (s): cpu = 00:00:38 ; elapsed = 00:00:14 . Memory (MB): peak = 3505.242 ; gain = 18.156 ; free physical = 2699 ; free virtual = 7234
Phase 2.4 Global Placement Core | Checksum: fc8ffc60

Time (s): cpu = 00:00:39 ; elapsed = 00:00:14 . Memory (MB): peak = 3505.242 ; gain = 18.156 ; free physical = 2698 ; free virtual = 7233
Phase 2 Global Placement | Checksum: fc8ffc60

Time (s): cpu = 00:00:39 ; elapsed = 00:00:14 . Memory (MB): peak = 3505.242 ; gain = 18.156 ; free physical = 2702 ; free virtual = 7237

Phase 3 Detail Placement

Phase 3.1 Commit Multi Column Macros
Phase 3.1 Commit Multi Column Macros | Checksum: c67f9013

Time (s): cpu = 00:00:41 ; elapsed = 00:00:14 . Memory (MB): peak = 3505.242 ; gain = 18.156 ; free physical = 2702 ; free virtual = 7237

Phase 3.2 Commit Most Macros & LUTRAMs
Phase 3.2 Commit Most Macros & LUTRAMs | Checksum: e98e47d1

Time (s): cpu = 00:00:46 ; elapsed = 00:00:16 . Memory (MB): peak = 3505.242 ; gain = 18.156 ; free physical = 2701 ; free virtual = 7237

Phase 3.3 Area Swap Optimization
Phase 3.3 Area Swap Optimization | Checksum: c71a97cd

Time (s): cpu = 00:00:46 ; elapsed = 00:00:16 . Memory (MB): peak = 3505.242 ; gain = 18.156 ; free physical = 2701 ; free virtual = 7237

Phase 3.4 Pipeline Register Optimization
Phase 3.4 Pipeline Register Optimization | Checksum: 4eb69fd9

Time (s): cpu = 00:00:46 ; elapsed = 00:00:16 . Memory (MB): peak = 3505.242 ; gain = 18.156 ; free physical = 2701 ; free virtual = 7237

Phase 3.5 Small Shape Detail Placement
Phase 3.5 Small Shape Detail Placement | Checksum: 722aeecb

Time (s): cpu = 00:00:50 ; elapsed = 00:00:19 . Memory (MB): peak = 3505.242 ; gain = 18.156 ; free physical = 2692 ; free virtual = 7228

Phase 3.6 Re-assign LUT pins
Phase 3.6 Re-assign LUT pins | Checksum: aa7a9d15

Time (s): cpu = 00:00:50 ; elapsed = 00:00:20 . Memory (MB): peak = 3505.242 ; gain = 18.156 ; free physical = 2688 ; free virtual = 7224

Phase 3.7 Pipeline Register Optimization
Phase 3.7 Pipeline Register Optimization | Checksum: 6caa71f8

Time (s): cpu = 00:00:50 ; elapsed = 00:00:20 . Memory (MB): peak = 3505.242 ; gain = 18.156 ; free physical = 2688 ; free virtual = 7224
Phase 3 Detail Placement | Checksum: 6caa71f8

Time (s): cpu = 00:00:50 ; elapsed = 00:00:20 . Memory (MB): peak = 3505.242 ; gain = 18.156 ; free physical = 2688 ; free virtual = 7224

Phase 4 Post Placement Optimization and Clean-Up

Phase 4.1 Post Commit Optimization
INFO: [Timing 38-35] Done setting XDC timing constraints.

Phase 4.1.1 Post Placement Optimization
Post Placement Optimization Initialization | Checksum: 163daa6e6

Phase 4.1.1.1 BUFG Insertion

Starting Physical Synthesis Task

Phase 1 Physical Synthesis Initialization
INFO: [Physopt 32-721] Multithreading enabled for phys_opt_design using a maximum of 6 CPUs
INFO: [Physopt 32-619] Estimated Timing Summary | WNS=0.798 | TNS=0.000 |
Phase 1 Physical Synthesis Initialization | Checksum: 1f4d51a5b

Time (s): cpu = 00:00:02 ; elapsed = 00:00:00.55 . Memory (MB): peak = 3545.047 ; gain = 0.000 ; free physical = 2684 ; free virtual = 7219
INFO: [Place 46-56] BUFG insertion identified 0 candidate nets. Inserted BUFG: 0, Replicated BUFG Driver: 0, Skipped due to Placement/Routing Conflicts: 0, Skipped due to Timing Degradation: 0, Skipped due to Illegal Netlist: 0.
Ending Physical Synthesis Task | Checksum: 1e459c0a0

Time (s): cpu = 00:00:02 ; elapsed = 00:00:00.69 . Memory (MB): peak = 3545.047 ; gain = 0.000 ; free physical = 2684 ; free virtual = 7219
Phase 4.1.1.1 BUFG Insertion | Checksum: 163daa6e6

Time (s): cpu = 00:01:00 ; elapsed = 00:00:24 . Memory (MB): peak = 3545.047 ; gain = 57.961 ; free physical = 2684 ; free virtual = 7219

Phase 4.1.1.2 Post Placement Timing Optimization
INFO: [Place 30-746] Post Placement Timing Summary WNS=0.798. For the most accurate timing information please run report_timing.
Phase 4.1.1.2 Post Placement Timing Optimization | Checksum: 11c3856c2

Time (s): cpu = 00:01:00 ; elapsed = 00:00:24 . Memory (MB): peak = 3545.047 ; gain = 57.961 ; free physical = 2684 ; free virtual = 7220

Time (s): cpu = 00:01:00 ; elapsed = 00:00:24 . Memory (MB): peak = 3545.047 ; gain = 57.961 ; free physical = 2684 ; free virtual = 7220
Phase 4.1 Post Commit Optimization | Checksum: 11c3856c2

Time (s): cpu = 00:01:00 ; elapsed = 00:00:24 . Memory (MB): peak = 3545.047 ; gain = 57.961 ; free physical = 2684 ; free virtual = 7220

Phase 4.2 Post Placement Cleanup
Phase 4.2 Post Placement Cleanup | Checksum: 11c3856c2

Time (s): cpu = 00:01:00 ; elapsed = 00:00:24 . Memory (MB): peak = 3545.047 ; gain = 57.961 ; free physical = 2684 ; free virtual = 7220

Phase 4.3 Placer Reporting

Phase 4.3.1 Print Estimated Congestion
INFO: [Place 30-612] Post-Placement Estimated Congestion 
 ____________________________________________________
|           | Global Congestion | Short Congestion  |
| Direction | Region Size       | Region Size       |
|___________|___________________|___________________|
|      North|                1x1|                2x2|
|___________|___________________|___________________|
|      South|                1x1|                2x2|
|___________|___________________|___________________|
|       East|                1x1|                1x1|
|___________|___________________|___________________|
|       West|                1x1|                1x1|
|___________|___________________|___________________|

Phase 4.3.1 Print Estimated Congestion | Checksum: 11c3856c2

Time (s): cpu = 00:01:01 ; elapsed = 00:00:24 . Memory (MB): peak = 3545.047 ; gain = 57.961 ; free physical = 2684 ; free virtual = 7220
Phase 4.3 Placer Reporting | Checksum: 11c3856c2

Time (s): cpu = 00:01:01 ; elapsed = 00:00:24 . Memory (MB): peak = 3545.047 ; gain = 57.961 ; free physical = 2684 ; free virtual = 7220

Phase 4.4 Final Placement Cleanup
Netlist sorting complete. Time (s): cpu = 00:00:00 ; elapsed = 00:00:00 . Memory (MB): peak = 3545.047 ; gain = 0.000 ; free physical = 2684 ; free virtual = 7220

Time (s): cpu = 00:01:01 ; elapsed = 00:00:24 . Memory (MB): peak = 3545.047 ; gain = 57.961 ; free physical = 2684 ; free virtual = 7220
Phase 4 Post Placement Optimization and Clean-Up | Checksum: cbd9aec7

Time (s): cpu = 00:01:01 ; elapsed = 00:00:24 . Memory (MB): peak = 3545.047 ; gain = 57.961 ; free physical = 2684 ; free virtual = 7220
Ending Placer Task | Checksum: c9689e94

Time (s): cpu = 00:01:01 ; elapsed = 00:00:24 . Memory (MB): peak = 3545.047 ; gain = 57.961 ; free physical = 2684 ; free virtual = 7220
INFO: [Common 17-83] Releasing license: Implementation
107 Infos, 0 Warnings, 0 Critical Warnings and 0 Errors encountered.
place_design completed successfully
place_design: Time (s): cpu = 00:01:03 ; elapsed = 00:00:25 . Memory (MB): peak = 3545.047 ; gain = 57.961 ; free physical = 2710 ; free virtual = 7245
INFO: [Timing 38-480] Writing timing data to binary archive.
Writing XDEF routing.
Writing XDEF routing logical nets.
Writing XDEF routing special nets.
Write XDEF Complete: Time (s): cpu = 00:00:04 ; elapsed = 00:00:02 . Memory (MB): peak = 3566.992 ; gain = 13.941 ; free physical = 2684 ; free virtual = 7225
INFO: [Common 17-1381] The checkpoint '/tmp/finn_dev_shakeelarkam00/vivado_zynq_proj_rmb6chll/finn_zynq_link.runs/impl_1/top_wrapper_placed.dcp' has been generated.
INFO: [runtcl-4] Executing : report_io -file top_wrapper_io_placed.rpt
report_io: Time (s): cpu = 00:00:00.08 ; elapsed = 00:00:00.16 . Memory (MB): peak = 3574.996 ; gain = 0.000 ; free physical = 2673 ; free virtual = 7209
INFO: [runtcl-4] Executing : report_utilization -file top_wrapper_utilization_placed.rpt -pb top_wrapper_utilization_placed.pb
INFO: [runtcl-4] Executing : report_control_sets -verbose -file top_wrapper_control_sets_placed.rpt
report_control_sets: Time (s): cpu = 00:00:00.08 ; elapsed = 00:00:00.16 . Memory (MB): peak = 3574.996 ; gain = 0.000 ; free physical = 2677 ; free virtual = 7214
Command: phys_opt_design -directive AggressiveExplore
Attempting to get a license for feature 'Implementation' and/or device 'xc7z020'
INFO: [Common 17-349] Got license for feature 'Implementation' and/or device 'xc7z020'
INFO: [Vivado_Tcl 4-137] Directive used for phys_opt_design is: AggressiveExplore

Starting Initial Update Timing Task

Time (s): cpu = 00:00:06 ; elapsed = 00:00:02 . Memory (MB): peak = 3574.996 ; gain = 0.000 ; free physical = 2651 ; free virtual = 7187
INFO: [Vivado_Tcl 4-383] Design worst setup slack (WNS) is greater than or equal to 0.000 ns. Skipping all physical synthesis optimizations.
INFO: [Vivado_Tcl 4-232] No setup violation found. The netlist was not modified.
INFO: [Common 17-83] Releasing license: Implementation
117 Infos, 0 Warnings, 0 Critical Warnings and 0 Errors encountered.
phys_opt_design completed successfully
INFO: [Timing 38-480] Writing timing data to binary archive.
Writing XDEF routing.
Writing XDEF routing logical nets.
Writing XDEF routing special nets.
Write XDEF Complete: Time (s): cpu = 00:00:05 ; elapsed = 00:00:02 . Memory (MB): peak = 3590.773 ; gain = 15.777 ; free physical = 2652 ; free virtual = 7193
INFO: [Common 17-1381] The checkpoint '/tmp/finn_dev_shakeelarkam00/vivado_zynq_proj_rmb6chll/finn_zynq_link.runs/impl_1/top_wrapper_physopt.dcp' has been generated.
Command: route_design -directive NoTimingRelaxation
Attempting to get a license for feature 'Implementation' and/or device 'xc7z020'
INFO: [Common 17-349] Got license for feature 'Implementation' and/or device 'xc7z020'
Running DRC as a precondition to command route_design
INFO: [DRC 23-27] Running DRC with 6 threads
INFO: [Vivado_Tcl 4-198] DRC finished with 0 Errors
INFO: [Vivado_Tcl 4-199] Please refer to the DRC report (report_drc) for more information.


Starting Routing Task
INFO: [Route 35-270] Using Router directive 'NoTimingRelaxation'.
INFO: [Route 35-254] Multithreading enabled for route_design using a maximum of 6 CPUs

Phase 1 Build RT Design
Checksum: PlaceDB: 3998069c ConstDB: 0 ShapeSum: 8fd097f8 RouteDB: 0
Post Restoration Checksum: NetGraph: 80a8646b NumContArr: 4b419898 Constraints: 0 Timing: 0
Phase 1 Build RT Design | Checksum: cbe9fd03

Time (s): cpu = 00:00:22 ; elapsed = 00:00:14 . Memory (MB): peak = 3672.238 ; gain = 22.965 ; free physical = 2541 ; free virtual = 7077

Phase 2 Router Initialization

Phase 2.1 Fix Topology Constraints
Phase 2.1 Fix Topology Constraints | Checksum: cbe9fd03

Time (s): cpu = 00:00:22 ; elapsed = 00:00:14 . Memory (MB): peak = 3692.238 ; gain = 42.965 ; free physical = 2520 ; free virtual = 7057

Phase 2.2 Pre Route Cleanup
Phase 2.2 Pre Route Cleanup | Checksum: cbe9fd03

Time (s): cpu = 00:00:22 ; elapsed = 00:00:14 . Memory (MB): peak = 3692.238 ; gain = 42.965 ; free physical = 2519 ; free virtual = 7057
 Number of Nodes with overlaps = 0

Phase 2.3 Update Timing
Phase 2.3 Update Timing | Checksum: 12b86f62b

Time (s): cpu = 00:00:32 ; elapsed = 00:00:18 . Memory (MB): peak = 3731.621 ; gain = 82.348 ; free physical = 2481 ; free virtual = 7018
INFO: [Route 35-416] Intermediate Timing Summary | WNS=0.838  | TNS=0.000  | WHS=-0.221 | THS=-347.629|


Router Utilization Summary
  Global Vertical Routing Utilization    = 0 %
  Global Horizontal Routing Utilization  = 0 %
  Routable Net Status*
  *Does not include unroutable nets such as driverless and loadless.
  Run report_route_status for detailed report.
  Number of Failed Nets               = 19272
    (Failed Nets is the sum of unrouted and partially routed nets)
  Number of Unrouted Nets             = 19272
  Number of Partially Routed Nets     = 0
  Number of Node Overlaps             = 0

Phase 2 Router Initialization | Checksum: 1ffae6152

Time (s): cpu = 00:00:38 ; elapsed = 00:00:19 . Memory (MB): peak = 3731.621 ; gain = 82.348 ; free physical = 2471 ; free virtual = 7008

Phase 3 Initial Routing

Phase 3.1 Global Routing
Phase 3.1 Global Routing | Checksum: 1ffae6152

Time (s): cpu = 00:00:38 ; elapsed = 00:00:19 . Memory (MB): peak = 3731.621 ; gain = 82.348 ; free physical = 2471 ; free virtual = 7008
Phase 3 Initial Routing | Checksum: 203445c24

Time (s): cpu = 00:00:42 ; elapsed = 00:00:20 . Memory (MB): peak = 3731.621 ; gain = 82.348 ; free physical = 2472 ; free virtual = 7009

Phase 4 Rip-up And Reroute

Phase 4.1 Global Iteration 0
 Number of Nodes with overlaps = 2048
 Number of Nodes with overlaps = 395
 Number of Nodes with overlaps = 127
 Number of Nodes with overlaps = 82
 Number of Nodes with overlaps = 33
 Number of Nodes with overlaps = 14
 Number of Nodes with overlaps = 14
 Number of Nodes with overlaps = 5
 Number of Nodes with overlaps = 1
 Number of Nodes with overlaps = 0
INFO: [Route 35-416] Intermediate Timing Summary | WNS=0.944  | TNS=0.000  | WHS=N/A    | THS=N/A    |

Phase 4.1 Global Iteration 0 | Checksum: 21884ecf2

Time (s): cpu = 00:00:57 ; elapsed = 00:00:30 . Memory (MB): peak = 3731.621 ; gain = 82.348 ; free physical = 2466 ; free virtual = 7003

Phase 4.2 Global Iteration 1
 Number of Nodes with overlaps = 1
 Number of Nodes with overlaps = 0
INFO: [Route 35-416] Intermediate Timing Summary | WNS=0.944  | TNS=0.000  | WHS=N/A    | THS=N/A    |

Phase 4.2 Global Iteration 1 | Checksum: 7327a7e4

Time (s): cpu = 00:00:58 ; elapsed = 00:00:31 . Memory (MB): peak = 3731.621 ; gain = 82.348 ; free physical = 2466 ; free virtual = 7003
Phase 4 Rip-up And Reroute | Checksum: 7327a7e4

Time (s): cpu = 00:00:58 ; elapsed = 00:00:31 . Memory (MB): peak = 3731.621 ; gain = 82.348 ; free physical = 2466 ; free virtual = 7003

Phase 5 Delay and Skew Optimization

Phase 5.1 Delay CleanUp

Phase 5.1.1 Update Timing
Phase 5.1.1 Update Timing | Checksum: f4b89398

Time (s): cpu = 00:01:00 ; elapsed = 00:00:31 . Memory (MB): peak = 3731.621 ; gain = 82.348 ; free physical = 2466 ; free virtual = 7003
INFO: [Route 35-416] Intermediate Timing Summary | WNS=1.059  | TNS=0.000  | WHS=N/A    | THS=N/A    |

Phase 5.1 Delay CleanUp | Checksum: f4b89398

Time (s): cpu = 00:01:00 ; elapsed = 00:00:31 . Memory (MB): peak = 3731.621 ; gain = 82.348 ; free physical = 2466 ; free virtual = 7003

Phase 5.2 Clock Skew Optimization
Phase 5.2 Clock Skew Optimization | Checksum: f4b89398

Time (s): cpu = 00:01:00 ; elapsed = 00:00:31 . Memory (MB): peak = 3731.621 ; gain = 82.348 ; free physical = 2466 ; free virtual = 7003
Phase 5 Delay and Skew Optimization | Checksum: f4b89398

Time (s): cpu = 00:01:00 ; elapsed = 00:00:31 . Memory (MB): peak = 3731.621 ; gain = 82.348 ; free physical = 2466 ; free virtual = 7003

Phase 6 Post Hold Fix

Phase 6.1 Hold Fix Iter

Phase 6.1.1 Update Timing
Phase 6.1.1 Update Timing | Checksum: c0a5a29f

Time (s): cpu = 00:01:02 ; elapsed = 00:00:33 . Memory (MB): peak = 3731.621 ; gain = 82.348 ; free physical = 2466 ; free virtual = 7003
INFO: [Route 35-416] Intermediate Timing Summary | WNS=1.059  | TNS=0.000  | WHS=0.021  | THS=0.000  |

Phase 6.1 Hold Fix Iter | Checksum: c300f61d

Time (s): cpu = 00:01:03 ; elapsed = 00:00:33 . Memory (MB): peak = 3731.621 ; gain = 82.348 ; free physical = 2466 ; free virtual = 7003
Phase 6 Post Hold Fix | Checksum: c300f61d

Time (s): cpu = 00:01:03 ; elapsed = 00:00:33 . Memory (MB): peak = 3731.621 ; gain = 82.348 ; free physical = 2466 ; free virtual = 7003

Phase 7 Route finalize

Router Utilization Summary
  Global Vertical Routing Utilization    = 3.11008 %
  Global Horizontal Routing Utilization  = 4.19684 %
  Routable Net Status*
  *Does not include unroutable nets such as driverless and loadless.
  Run report_route_status for detailed report.
  Number of Failed Nets               = 0
    (Failed Nets is the sum of unrouted and partially routed nets)
  Number of Unrouted Nets             = 0
  Number of Partially Routed Nets     = 0
  Number of Node Overlaps             = 0

Phase 7 Route finalize | Checksum: a7d063ea

Time (s): cpu = 00:01:03 ; elapsed = 00:00:33 . Memory (MB): peak = 3731.621 ; gain = 82.348 ; free physical = 2466 ; free virtual = 7003

Phase 8 Verifying routed nets

 Verification completed successfully
Phase 8 Verifying routed nets | Checksum: a7d063ea

Time (s): cpu = 00:01:03 ; elapsed = 00:00:33 . Memory (MB): peak = 3731.621 ; gain = 82.348 ; free physical = 2466 ; free virtual = 7003

Phase 9 Depositing Routes
Phase 9 Depositing Routes | Checksum: 104cb4445

Time (s): cpu = 00:01:04 ; elapsed = 00:00:34 . Memory (MB): peak = 3747.629 ; gain = 98.355 ; free physical = 2465 ; free virtual = 7003

Phase 10 Post Router Timing
INFO: [Route 35-20] Post Routing Timing Summary | WNS=1.092  | TNS=0.000  | WHS=0.021  | THS=0.000  |

Phase 10 Post Router Timing | Checksum: 172bf7c04

Time (s): cpu = 00:01:13 ; elapsed = 00:00:36 . Memory (MB): peak = 3747.629 ; gain = 98.355 ; free physical = 2457 ; free virtual = 6995
INFO: [Route 35-61] The design met the timing requirement.
INFO: [Route 35-16] Router Completed Successfully

Time (s): cpu = 00:01:13 ; elapsed = 00:00:36 . Memory (MB): peak = 3747.629 ; gain = 98.355 ; free physical = 2561 ; free virtual = 7099

Routing Is Done.
INFO: [Common 17-83] Releasing license: Implementation
134 Infos, 0 Warnings, 0 Critical Warnings and 0 Errors encountered.
route_design completed successfully
route_design: Time (s): cpu = 00:01:16 ; elapsed = 00:00:37 . Memory (MB): peak = 3747.629 ; gain = 156.855 ; free physical = 2560 ; free virtual = 7099
INFO: [Common 17-600] The following parameters have non-default value.
general.maxThreads
INFO: [Timing 38-480] Writing timing data to binary archive.
Writing XDEF routing.
Writing XDEF routing logical nets.
Writing XDEF routing special nets.
Write XDEF Complete: Time (s): cpu = 00:00:05 ; elapsed = 00:00:02 . Memory (MB): peak = 3758.652 ; gain = 11.023 ; free physical = 2550 ; free virtual = 7094
INFO: [Common 17-1381] The checkpoint '/tmp/finn_dev_shakeelarkam00/vivado_zynq_proj_rmb6chll/finn_zynq_link.runs/impl_1/top_wrapper_routed.dcp' has been generated.
INFO: [runtcl-4] Executing : report_drc -file top_wrapper_drc_routed.rpt -pb top_wrapper_drc_routed.pb -rpx top_wrapper_drc_routed.rpx
Command: report_drc -file top_wrapper_drc_routed.rpt -pb top_wrapper_drc_routed.pb -rpx top_wrapper_drc_routed.rpx
INFO: [IP_Flow 19-1839] IP Catalog is up to date.
INFO: [DRC 23-27] Running DRC with 6 threads
INFO: [Vivado_Tcl 2-168] The results of DRC are in file /tmp/finn_dev_shakeelarkam00/vivado_zynq_proj_rmb6chll/finn_zynq_link.runs/impl_1/top_wrapper_drc_routed.rpt.
report_drc completed successfully
INFO: [runtcl-4] Executing : report_methodology -file top_wrapper_methodology_drc_routed.rpt -pb top_wrapper_methodology_drc_routed.pb -rpx top_wrapper_methodology_drc_routed.rpx
Command: report_methodology -file top_wrapper_methodology_drc_routed.rpt -pb top_wrapper_methodology_drc_routed.pb -rpx top_wrapper_methodology_drc_routed.rpx
INFO: [Timing 38-35] Done setting XDC timing constraints.
INFO: [DRC 23-133] Running Methodology with 6 threads
INFO: [Vivado_Tcl 2-1520] The results of Report Methodology are in file /tmp/finn_dev_shakeelarkam00/vivado_zynq_proj_rmb6chll/finn_zynq_link.runs/impl_1/top_wrapper_methodology_drc_routed.rpt.
report_methodology completed successfully
INFO: [runtcl-4] Executing : report_power -file top_wrapper_power_routed.rpt -pb top_wrapper_power_summary_routed.pb -rpx top_wrapper_power_routed.rpx
Command: report_power -file top_wrapper_power_routed.rpt -pb top_wrapper_power_summary_routed.pb -rpx top_wrapper_power_routed.rpx
INFO: [Timing 38-35] Done setting XDC timing constraints.
Running Vector-less Activity Propagation...

Finished Running Vector-less Activity Propagation
147 Infos, 0 Warnings, 0 Critical Warnings and 0 Errors encountered.
report_power completed successfully
INFO: [runtcl-4] Executing : report_route_status -file top_wrapper_route_status.rpt -pb top_wrapper_route_status.pb
INFO: [runtcl-4] Executing : report_timing_summary -max_paths 10 -report_unconstrained -file top_wrapper_timing_summary_routed.rpt -pb top_wrapper_timing_summary_routed.pb -rpx top_wrapper_timing_summary_routed.rpx
INFO: [Timing 38-91] UpdateTimingParams: Speed grade: -1, Delay Type: min_max.
INFO: [Timing 38-191] Multithreading enabled for timing update using a maximum of 6 CPUs
INFO: [runtcl-4] Executing : report_incremental_reuse -file top_wrapper_incremental_reuse_routed.rpt
INFO: [Vivado_Tcl 4-1062] Incremental flow is disabled. No incremental reuse Info to report.
INFO: [runtcl-4] Executing : report_clock_utilization -file top_wrapper_clock_utilization_routed.rpt
INFO: [runtcl-4] Executing : report_bus_skew -warn_on_violation -file top_wrapper_bus_skew_routed.rpt -pb top_wrapper_bus_skew_routed.pb -rpx top_wrapper_bus_skew_routed.rpx
INFO: [Timing 38-91] UpdateTimingParams: Speed grade: -1, Delay Type: min_max.
INFO: [Timing 38-191] Multithreading enabled for timing update using a maximum of 6 CPUs
Command: phys_opt_design -directive AggressiveExplore
Attempting to get a license for feature 'Implementation' and/or device 'xc7z020'
INFO: [Common 17-349] Got license for feature 'Implementation' and/or device 'xc7z020'
INFO: [Vivado_Tcl 4-241] Physical synthesis in post route mode ( 100.0% nets are fully routed)
INFO: [Vivado_Tcl 4-137] Directive used for phys_opt_design is: AggressiveExplore

Starting Initial Update Timing Task

Time (s): cpu = 00:00:07 ; elapsed = 00:00:02 . Memory (MB): peak = 3821.422 ; gain = 0.000 ; free physical = 2523 ; free virtual = 7062
INFO: [Vivado_Tcl 4-383] Design worst setup slack (WNS) is greater than or equal to 0.000 ns. Skipping all physical synthesis optimizations.
INFO: [Vivado_Tcl 4-232] No setup violation found. The netlist was not modified.
INFO: [Common 17-83] Releasing license: Implementation
9 Infos, 0 Warnings, 0 Critical Warnings and 0 Errors encountered.
phys_opt_design completed successfully
INFO: [Common 17-600] The following parameters have non-default value.
general.maxThreads
INFO: [Timing 38-480] Writing timing data to binary archive.
Writing XDEF routing.
Writing XDEF routing logical nets.
Writing XDEF routing special nets.
Write XDEF Complete: Time (s): cpu = 00:00:05 ; elapsed = 00:00:02 . Memory (MB): peak = 3821.422 ; gain = 0.000 ; free physical = 2523 ; free virtual = 7067
INFO: [Common 17-1381] The checkpoint '/tmp/finn_dev_shakeelarkam00/vivado_zynq_proj_rmb6chll/finn_zynq_link.runs/impl_1/top_wrapper_postroute_physopt.dcp' has been generated.
INFO: [runtcl-4] Executing : report_timing_summary -max_paths 10 -report_unconstrained -warn_on_violation -file top_wrapper_timing_summary_postroute_physopted.rpt -pb top_wrapper_timing_summary_postroute_physopted.pb -rpx top_wrapper_timing_summary_postroute_physopted.rpx
INFO: [Timing 38-91] UpdateTimingParams: Speed grade: -1, Delay Type: min_max.
INFO: [Timing 38-191] Multithreading enabled for timing update using a maximum of 6 CPUs
INFO: [runtcl-4] Executing : report_bus_skew -warn_on_violation -file top_wrapper_bus_skew_postroute_physopted.rpt -pb top_wrapper_bus_skew_postroute_physopted.pb -rpx top_wrapper_bus_skew_postroute_physopted.rpx
INFO: [Timing 38-91] UpdateTimingParams: Speed grade: -1, Delay Type: min_max.
INFO: [Timing 38-191] Multithreading enabled for timing update using a maximum of 6 CPUs
INFO: [Memdata 28-167] Found XPM memory block top_i/smartconnect_0/inst/s01_nodes/s01_w_node/inst/inst_mi_handler/gen_normal_area.inst_fifo_node_payld/gen_xpm_memory_fifo.inst_fifo/gen_mem_rep[0].inst_xpm_memory/xpm_memory_base_inst with a P_MEMORY_PRIMITIVE property set to distributed. A value of block is required. You will not be able to use the updatemem program to update the bitstream with new data for the top_i/smartconnect_0/inst/s01_nodes/s01_w_node/inst/inst_mi_handler/gen_normal_area.inst_fifo_node_payld/gen_xpm_memory_fifo.inst_fifo/gen_mem_rep[0].inst_xpm_memory/xpm_memory_base_inst block.
INFO: [Memdata 28-167] Found XPM memory block top_i/smartconnect_0/inst/s01_nodes/s01_w_node/inst/inst_mi_handler/gen_normal_area.gen_fifo_req.inst_fifo_req/gen_xpm_memory_fifo.inst_fifo/gen_mem_rep[0].inst_xpm_memory/xpm_memory_base_inst with a P_MEMORY_PRIMITIVE property set to distributed. A value of block is required. You will not be able to use the updatemem program to update the bitstream with new data for the top_i/smartconnect_0/inst/s01_nodes/s01_w_node/inst/inst_mi_handler/gen_normal_area.gen_fifo_req.inst_fifo_req/gen_xpm_memory_fifo.inst_fifo/gen_mem_rep[0].inst_xpm_memory/xpm_memory_base_inst block.
INFO: [Memdata 28-167] Found XPM memory block top_i/smartconnect_0/inst/s01_nodes/s01_r_node/inst/inst_mi_handler/gen_normal_area.inst_fifo_node_payld/gen_xpm_memory_fifo.inst_fifo/gen_mem_rep[0].inst_xpm_memory/xpm_memory_base_inst with a P_MEMORY_PRIMITIVE property set to distributed. A value of block is required. You will not be able to use the updatemem program to update the bitstream with new data for the top_i/smartconnect_0/inst/s01_nodes/s01_r_node/inst/inst_mi_handler/gen_normal_area.inst_fifo_node_payld/gen_xpm_memory_fifo.inst_fifo/gen_mem_rep[0].inst_xpm_memory/xpm_memory_base_inst block.
INFO: [Memdata 28-167] Found XPM memory block top_i/smartconnect_0/inst/s01_nodes/s01_aw_node/inst/inst_mi_handler/gen_normal_area.inst_fifo_node_payld/gen_xpm_memory_fifo.inst_fifo/gen_mem_rep[0].inst_xpm_memory/xpm_memory_base_inst with a P_MEMORY_PRIMITIVE property set to distributed. A value of block is required. You will not be able to use the updatemem program to update the bitstream with new data for the top_i/smartconnect_0/inst/s01_nodes/s01_aw_node/inst/inst_mi_handler/gen_normal_area.inst_fifo_node_payld/gen_xpm_memory_fifo.inst_fifo/gen_mem_rep[0].inst_xpm_memory/xpm_memory_base_inst block.
INFO: [Memdata 28-167] Found XPM memory block top_i/smartconnect_0/inst/s01_nodes/s01_ar_node/inst/inst_mi_handler/gen_normal_area.inst_fifo_node_payld/gen_xpm_memory_fifo.inst_fifo/gen_mem_rep[0].inst_xpm_memory/xpm_memory_base_inst with a P_MEMORY_PRIMITIVE property set to distributed. A value of block is required. You will not be able to use the updatemem program to update the bitstream with new data for the top_i/smartconnect_0/inst/s01_nodes/s01_ar_node/inst/inst_mi_handler/gen_normal_area.inst_fifo_node_payld/gen_xpm_memory_fifo.inst_fifo/gen_mem_rep[0].inst_xpm_memory/xpm_memory_base_inst block.
INFO: [Memdata 28-167] Found XPM memory block top_i/smartconnect_0/inst/s00_nodes/s00_w_node/inst/inst_mi_handler/gen_normal_area.inst_fifo_node_payld/gen_xpm_memory_fifo.inst_fifo/gen_mem_rep[0].inst_xpm_memory/xpm_memory_base_inst with a P_MEMORY_PRIMITIVE property set to distributed. A value of block is required. You will not be able to use the updatemem program to update the bitstream with new data for the top_i/smartconnect_0/inst/s00_nodes/s00_w_node/inst/inst_mi_handler/gen_normal_area.inst_fifo_node_payld/gen_xpm_memory_fifo.inst_fifo/gen_mem_rep[0].inst_xpm_memory/xpm_memory_base_inst block.
INFO: [Memdata 28-167] Found XPM memory block top_i/smartconnect_0/inst/s00_nodes/s00_w_node/inst/inst_mi_handler/gen_normal_area.gen_fifo_req.inst_fifo_req/gen_xpm_memory_fifo.inst_fifo/gen_mem_rep[0].inst_xpm_memory/xpm_memory_base_inst with a P_MEMORY_PRIMITIVE property set to distributed. A value of block is required. You will not be able to use the updatemem program to update the bitstream with new data for the top_i/smartconnect_0/inst/s00_nodes/s00_w_node/inst/inst_mi_handler/gen_normal_area.gen_fifo_req.inst_fifo_req/gen_xpm_memory_fifo.inst_fifo/gen_mem_rep[0].inst_xpm_memory/xpm_memory_base_inst block.
INFO: [Memdata 28-167] Found XPM memory block top_i/smartconnect_0/inst/s00_nodes/s00_r_node/inst/inst_mi_handler/gen_normal_area.inst_fifo_node_payld/gen_xpm_memory_fifo.inst_fifo/gen_mem_rep[0].inst_xpm_memory/xpm_memory_base_inst with a P_MEMORY_PRIMITIVE property set to distributed. A value of block is required. You will not be able to use the updatemem program to update the bitstream with new data for the top_i/smartconnect_0/inst/s00_nodes/s00_r_node/inst/inst_mi_handler/gen_normal_area.inst_fifo_node_payld/gen_xpm_memory_fifo.inst_fifo/gen_mem_rep[0].inst_xpm_memory/xpm_memory_base_inst block.
INFO: [Memdata 28-167] Found XPM memory block top_i/smartconnect_0/inst/s00_nodes/s00_aw_node/inst/inst_mi_handler/gen_normal_area.inst_fifo_node_payld/gen_xpm_memory_fifo.inst_fifo/gen_mem_rep[0].inst_xpm_memory/xpm_memory_base_inst with a P_MEMORY_PRIMITIVE property set to distributed. A value of block is required. You will not be able to use the updatemem program to update the bitstream with new data for the top_i/smartconnect_0/inst/s00_nodes/s00_aw_node/inst/inst_mi_handler/gen_normal_area.inst_fifo_node_payld/gen_xpm_memory_fifo.inst_fifo/gen_mem_rep[0].inst_xpm_memory/xpm_memory_base_inst block.
INFO: [Memdata 28-167] Found XPM memory block top_i/smartconnect_0/inst/s00_nodes/s00_ar_node/inst/inst_mi_handler/gen_normal_area.inst_fifo_node_payld/gen_xpm_memory_fifo.inst_fifo/gen_mem_rep[0].inst_xpm_memory/xpm_memory_base_inst with a P_MEMORY_PRIMITIVE property set to distributed. A value of block is required. You will not be able to use the updatemem program to update the bitstream with new data for the top_i/smartconnect_0/inst/s00_nodes/s00_ar_node/inst/inst_mi_handler/gen_normal_area.inst_fifo_node_payld/gen_xpm_memory_fifo.inst_fifo/gen_mem_rep[0].inst_xpm_memory/xpm_memory_base_inst block.
INFO: [Memdata 28-167] Found XPM memory block top_i/smartconnect_0/inst/m00_nodes/m00_w_node/inst/inst_si_handler/gen_si_handler.gen_request_fifos.gen_req_fifo[1].inst_req_fifo/gen_xpm_memory_fifo.inst_fifo/gen_mem_rep[0].inst_xpm_memory/xpm_memory_base_inst with a P_MEMORY_PRIMITIVE property set to distributed. A value of block is required. You will not be able to use the updatemem program to update the bitstream with new data for the top_i/smartconnect_0/inst/m00_nodes/m00_w_node/inst/inst_si_handler/gen_si_handler.gen_request_fifos.gen_req_fifo[1].inst_req_fifo/gen_xpm_memory_fifo.inst_fifo/gen_mem_rep[0].inst_xpm_memory/xpm_memory_base_inst block.
INFO: [Memdata 28-167] Found XPM memory block top_i/smartconnect_0/inst/m00_nodes/m00_w_node/inst/inst_si_handler/gen_si_handler.gen_request_fifos.gen_req_fifo[0].inst_req_fifo/gen_xpm_memory_fifo.inst_fifo/gen_mem_rep[0].inst_xpm_memory/xpm_memory_base_inst with a P_MEMORY_PRIMITIVE property set to distributed. A value of block is required. You will not be able to use the updatemem program to update the bitstream with new data for the top_i/smartconnect_0/inst/m00_nodes/m00_w_node/inst/inst_si_handler/gen_si_handler.gen_request_fifos.gen_req_fifo[0].inst_req_fifo/gen_xpm_memory_fifo.inst_fifo/gen_mem_rep[0].inst_xpm_memory/xpm_memory_base_inst block.
INFO: [Memdata 28-167] Found XPM memory block top_i/smartconnect_0/inst/m00_nodes/m00_w_node/inst/inst_mi_handler/gen_normal_area.inst_fifo_node_payld/gen_xpm_memory_fifo.inst_fifo/gen_mem_rep[0].inst_xpm_memory/xpm_memory_base_inst with a P_MEMORY_PRIMITIVE property set to distributed. A value of block is required. You will not be able to use the updatemem program to update the bitstream with new data for the top_i/smartconnect_0/inst/m00_nodes/m00_w_node/inst/inst_mi_handler/gen_normal_area.inst_fifo_node_payld/gen_xpm_memory_fifo.inst_fifo/gen_mem_rep[0].inst_xpm_memory/xpm_memory_base_inst block.
INFO: [Memdata 28-167] Found XPM memory block top_i/smartconnect_0/inst/m00_nodes/m00_r_node/inst/inst_mi_handler/gen_normal_area.inst_fifo_node_payld/gen_xpm_memory_fifo.inst_fifo/gen_mem_rep[0].inst_xpm_memory/xpm_memory_base_inst with a P_MEMORY_PRIMITIVE property set to distributed. A value of block is required. You will not be able to use the updatemem program to update the bitstream with new data for the top_i/smartconnect_0/inst/m00_nodes/m00_r_node/inst/inst_mi_handler/gen_normal_area.inst_fifo_node_payld/gen_xpm_memory_fifo.inst_fifo/gen_mem_rep[0].inst_xpm_memory/xpm_memory_base_inst block.
INFO: [Memdata 28-167] Found XPM memory block top_i/smartconnect_0/inst/m00_nodes/m00_r_node/inst/inst_mi_handler/gen_normal_area.gen_fifo_req.inst_fifo_req/gen_xpm_memory_fifo.inst_fifo/gen_mem_rep[0].inst_xpm_memory/xpm_memory_base_inst with a P_MEMORY_PRIMITIVE property set to distributed. A value of block is required. You will not be able to use the updatemem program to update the bitstream with new data for the top_i/smartconnect_0/inst/m00_nodes/m00_r_node/inst/inst_mi_handler/gen_normal_area.gen_fifo_req.inst_fifo_req/gen_xpm_memory_fifo.inst_fifo/gen_mem_rep[0].inst_xpm_memory/xpm_memory_base_inst block.
INFO: [Memdata 28-167] Found XPM memory block top_i/smartconnect_0/inst/m00_nodes/m00_b_node/inst/inst_mi_handler/gen_normal_area.gen_fifo_req.inst_fifo_req/gen_xpm_memory_fifo.inst_fifo/gen_mem_rep[0].inst_xpm_memory/xpm_memory_base_inst with a P_MEMORY_PRIMITIVE property set to distributed. A value of block is required. You will not be able to use the updatemem program to update the bitstream with new data for the top_i/smartconnect_0/inst/m00_nodes/m00_b_node/inst/inst_mi_handler/gen_normal_area.gen_fifo_req.inst_fifo_req/gen_xpm_memory_fifo.inst_fifo/gen_mem_rep[0].inst_xpm_memory/xpm_memory_base_inst block.
INFO: [Memdata 28-167] Found XPM memory block top_i/smartconnect_0/inst/m00_nodes/m00_aw_node/inst/inst_mi_handler/gen_normal_area.inst_fifo_node_payld/gen_xpm_memory_fifo.inst_fifo/gen_mem_rep[0].inst_xpm_memory/xpm_memory_base_inst with a P_MEMORY_PRIMITIVE property set to distributed. A value of block is required. You will not be able to use the updatemem program to update the bitstream with new data for the top_i/smartconnect_0/inst/m00_nodes/m00_aw_node/inst/inst_mi_handler/gen_normal_area.inst_fifo_node_payld/gen_xpm_memory_fifo.inst_fifo/gen_mem_rep[0].inst_xpm_memory/xpm_memory_base_inst block.
INFO: [Memdata 28-167] Found XPM memory block top_i/smartconnect_0/inst/m00_nodes/m00_ar_node/inst/inst_mi_handler/gen_normal_area.inst_fifo_node_payld/gen_xpm_memory_fifo.inst_fifo/gen_mem_rep[0].inst_xpm_memory/xpm_memory_base_inst with a P_MEMORY_PRIMITIVE property set to distributed. A value of block is required. You will not be able to use the updatemem program to update the bitstream with new data for the top_i/smartconnect_0/inst/m00_nodes/m00_ar_node/inst/inst_mi_handler/gen_normal_area.inst_fifo_node_payld/gen_xpm_memory_fifo.inst_fifo/gen_mem_rep[0].inst_xpm_memory/xpm_memory_base_inst block.
Command: write_bitstream -force top_wrapper.bit
Attempting to get a license for feature 'Implementation' and/or device 'xc7z020'
INFO: [Common 17-349] Got license for feature 'Implementation' and/or device 'xc7z020'
Running DRC as a precondition to command write_bitstream
INFO: [IP_Flow 19-1839] IP Catalog is up to date.
INFO: [DRC 23-27] Running DRC with 6 threads
INFO: [Vivado 12-3199] DRC finished with 0 Errors
INFO: [Vivado 12-3200] Please refer to the DRC report (report_drc) for more information.
INFO: [Designutils 20-2272] Running write_bitstream with 6 threads.
Loading data files...
Loading site data...
Loading route data...
Processing options...
Creating bitmap...
Creating bitstream...
Writing bitstream ./top_wrapper.bit...
INFO: [Vivado 12-1842] Bitgen Completed Successfully.
INFO: [Common 17-83] Releasing license: Implementation
44 Infos, 0 Warnings, 0 Critical Warnings and 0 Errors encountered.
write_bitstream completed successfully
write_bitstream: Time (s): cpu = 00:00:21 ; elapsed = 00:00:13 . Memory (MB): peak = 4057.832 ; gain = 236.410 ; free physical = 2504 ; free virtual = 7049
INFO: [Common 17-206] Exiting Vivado at Fri Jan 17 23:10:33 2025...
